Log file open, 04/27/20 17:59:28
LogWindows: Failed to load 'aqProf.dll' (GetLastError=126)
LogWindows: File 'aqProf.dll' does not exist
LogWindows: Failed to load 'VtuneApi.dll' (GetLastError=126)
LogWindows: File 'VtuneApi.dll' does not exist
LogWindows: Failed to load 'VtuneApi32e.dll' (GetLastError=126)
LogWindows: File 'VtuneApi32e.dll' does not exist
LogConsoleResponse: Display: Failed to find resolution value strings in scalability ini. Falling back to default.
LogInit: Display: Running engine for game: ProyectoComunShooter
LogPlatformFile: Not using cached read wrapper
LogTaskGraph: Started task graph with 5 named threads and 14 total threads with 3 sets of task threads.
LogStats: Stats thread started at 0.174695
LogD3D11RHI: Loaded GFSDK_Aftermath_Lib.x64.dll
LogICUInternationalization: ICU TimeZone Detection - Raw Offset: +1:00, Platform Override: ''
LogPluginManager: Mounting plugin Paper2D
LogPluginManager: Mounting plugin AISupport
LogPluginManager: Mounting plugin LightPropagationVolume
LogPluginManager: Mounting plugin ActorLayerUtilities
LogPluginManager: Mounting plugin AnimationSharing
LogPluginManager: Mounting plugin CLionSourceCodeAccess
LogPluginManager: Mounting plugin CodeLiteSourceCodeAccess
LogPluginManager: Mounting plugin GitSourceControl
LogPluginManager: Mounting plugin KDevelopSourceCodeAccess
LogPluginManager: Mounting plugin NullSourceCodeAccess
LogPluginManager: Mounting plugin PerforceSourceControl
LogPluginManager: Mounting plugin SubversionSourceControl
LogPluginManager: Mounting plugin UObjectPlugin
LogPluginManager: Mounting plugin VisualStudioCodeSourceCodeAccess
LogPluginManager: Mounting plugin VisualStudioSourceCodeAccess
LogPluginManager: Mounting plugin XCodeSourceCodeAccess
LogPluginManager: Mounting plugin AssetManagerEditor
LogPluginManager: Mounting plugin CryptoKeys
LogPluginManager: Mounting plugin CurveEditorTools
LogPluginManager: Mounting plugin DataValidation
LogPluginManager: Mounting plugin FacialAnimation
LogPluginManager: Mounting plugin GameplayTagsEditor
LogPluginManager: Mounting plugin MacGraphicsSwitching
LogPluginManager: Mounting plugin MaterialAnalyzer
LogPluginManager: Mounting plugin MobileLauncherProfileWizard
LogPluginManager: Mounting plugin PluginBrowser
LogPluginManager: Mounting plugin SpeedTreeImporter
LogPluginManager: Mounting plugin DatasmithContent
LogPluginManager: Mounting plugin VariantManagerContent
LogPluginManager: Mounting plugin AlembicImporter
LogPluginManager: Mounting plugin AutomationUtils
LogPluginManager: Mounting plugin BackChannel
LogPluginManager: Mounting plugin CharacterAI
LogPluginManager: Mounting plugin GeometryCache
LogPluginManager: Mounting plugin HTML5Networking
LogPluginManager: Mounting plugin PlatformCrypto
LogPluginManager: Mounting plugin ProxyLODPlugin
LogPluginManager: Mounting plugin SkeletalReduction
LogPluginManager: Mounting plugin MagicLeap
LogPluginManager: Mounting plugin MagicLeapMedia
LogPluginManager: Mounting plugin AndroidMedia
LogPluginManager: Mounting plugin AvfMedia
LogPluginManager: Mounting plugin ImgMedia
LogPluginManager: Mounting plugin MediaCompositing
LogPluginManager: Mounting plugin MediaPlayerEditor
LogPluginManager: Mounting plugin WebMMedia
LogPluginManager: Mounting plugin WmfMedia
LogPluginManager: Mounting plugin TcpMessaging
LogPluginManager: Mounting plugin UdpMessaging
LogPluginManager: Mounting plugin ActorSequence
LogPluginManager: Mounting plugin LevelSequenceEditor
LogPluginManager: Mounting plugin MatineeToLevelSequence
LogPluginManager: Mounting plugin NetcodeUnitTest
LogPluginManager: Mounting plugin NUTUnrealEngine4
LogPluginManager: Mounting plugin OnlineSubsystemGooglePlay
LogPluginManager: Mounting plugin OnlineSubsystemIOS
LogPluginManager: Mounting plugin OnlineSubsystem
LogPluginManager: Mounting plugin OnlineSubsystemNull
LogPluginManager: Mounting plugin OnlineSubsystemUtils
LogPluginManager: Mounting plugin LauncherChunkInstaller
LogPluginManager: Mounting plugin AndroidDeviceProfileSelector
LogPluginManager: Mounting plugin AndroidMoviePlayer
LogPluginManager: Mounting plugin AndroidPermission
LogPluginManager: Mounting plugin AppleImageUtils
LogPluginManager: Mounting plugin AppleMoviePlayer
LogPluginManager: Mounting plugin ArchVisCharacter
LogPluginManager: Mounting plugin AudioCapture
LogPluginManager: Mounting plugin CableComponent
LogPluginManager: Mounting plugin CustomMeshComponent
LogPluginManager: Mounting plugin EditableMesh
LogPluginManager: Mounting plugin ExampleDeviceProfileSelector
LogPluginManager: Mounting plugin GoogleCloudMessaging
LogPluginManager: Mounting plugin IOSDeviceProfileSelector
LogPluginManager: Mounting plugin LinuxDeviceProfileSelector
LogPluginManager: Mounting plugin LocationServicesBPLibrary
LogPluginManager: Mounting plugin MobilePatchingUtils
LogPluginManager: Mounting plugin OculusVR
LogPluginManager: Mounting plugin PhysXVehicles
LogPluginManager: Mounting plugin ProceduralMeshComponent
LogPluginManager: Mounting plugin RuntimePhysXCooking
LogPluginManager: Mounting plugin SignificanceManager
LogPluginManager: Mounting plugin SteamVR
LogPluginManager: Mounting plugin WebMMoviePlayer
LogPluginManager: Mounting plugin WindowsMoviePlayer
LogPluginManager: Mounting plugin ScreenshotTools
LogInit: Using libcurl 7.55.1-DEV
LogInit:  - built for x86_64-pc-win32
LogInit:  - supports SSL with OpenSSL/1.1.1
LogInit:  - supports HTTP deflate (compression) using libz 1.2.8
LogInit:  - other features:
LogInit:      CURL_VERSION_SSL
LogInit:      CURL_VERSION_LIBZ
LogInit:      CURL_VERSION_IPV6
LogInit:      CURL_VERSION_ASYNCHDNS
LogInit:      CURL_VERSION_LARGEFILE
LogInit:      CURL_VERSION_IDN
LogInit:  CurlRequestOptions (configurable via config and command line):
LogInit:  - bVerifyPeer = true  - Libcurl will verify peer certificate
LogInit:  - bUseHttpProxy = false  - Libcurl will NOT use HTTP proxy
LogInit:  - bDontReuseConnections = false  - Libcurl will reuse connections
LogInit:  - MaxHostConnections = 16  - Libcurl will limit the number of connections to a host
LogInit:  - LocalHostAddr = Default
LogInit:  - BufferSize = 65536
LogOnline: OSS: Creating online subsystem instance for: NULL
LogInit: WinSock: version 1.1 (2.2), MaxSocks=32767, MaxUdp=65467
LogInit: Build: ++UE4+Release-4.23-CL-9631420
LogInit: Engine Version: 4.23.1-9631420+++UE4+Release-4.23
LogInit: Compatible Engine Version: 4.23.0-8386587+++UE4+Release-4.23
LogInit: Net CL: 8386587
LogInit: OS: Windows 10 (Release 1903) (), CPU: Intel(R) Core(TM) i5-4460  CPU @ 3.20GHz, GPU: NVIDIA GeForce GTX 1050 Ti
LogInit: Compiled (64-bit): Oct 18 2019 02:07:44
LogInit: Compiled with Visual C++: 19.16.27030.01
LogInit: Build Configuration: Development
LogInit: Branch Name: ++UE4+Release-4.23
LogInit: Command Line: 
LogInit: Base Directory: F:/EpicGames/UE_4.23/Engine/Binaries/Win64/
LogInit: Installed Engine Build: 1
LogDevObjectVersion: Number of dev versions registered: 23
LogDevObjectVersion:   Dev-Blueprints (B0D832E4-1F89-4F0D-ACCF-7EB736FD4AA2): 10
LogDevObjectVersion:   Dev-Build (E1C64328-A22C-4D53-A36C-8E866417BD8C): 0
LogDevObjectVersion:   Dev-Core (375EC13C-06E4-48FB-B500-84F0262A717E): 3
LogDevObjectVersion:   Dev-Editor (E4B068ED-F494-42E9-A231-DA0B2E46BB41): 34
LogDevObjectVersion:   Dev-Framework (CFFC743F-43B0-4480-9391-14DF171D2073): 35
LogDevObjectVersion:   Dev-Mobile (B02B49B5-BB20-44E9-A304-32B752E40360): 2
LogDevObjectVersion:   Dev-Networking (A4E4105C-59A1-49B5-A7C5-40C4547EDFEE): 0
LogDevObjectVersion:   Dev-Online (39C831C9-5AE6-47DC-9A44-9C173E1C8E7C): 0
LogDevObjectVersion:   Dev-Physics (78F01B33-EBEA-4F98-B9B4-84EACCB95AA2): 0
LogDevObjectVersion:   Dev-Platform (6631380F-2D4D-43E0-8009-CF276956A95A): 0
LogDevObjectVersion:   Dev-Rendering (12F88B9F-8875-4AFC-A67C-D90C383ABD29): 31
LogDevObjectVersion:   Dev-Sequencer (7B5AE74C-D270-4C10-A958-57980B212A5A): 11
LogDevObjectVersion:   Dev-VR (D7296918-1DD6-4BDD-9DE2-64A83CC13884): 2
LogDevObjectVersion:   Dev-LoadTimes (C2A15278-BFE7-4AFE-6C17-90FF531DF755): 1
LogDevObjectVersion:   Private-Geometry (6EACA3D4-40EC-4CC1-B786-8BED09428FC5): 3
LogDevObjectVersion:   Dev-AnimPhys (29E575DD-E0A3-4627-9D10-D276232CDCEA): 17
LogDevObjectVersion:   Dev-Anim (AF43A65D-7FD3-4947-9873-3E8ED9C1BB05): 2
LogDevObjectVersion:   Dev-ReflectionCapture (6B266CEC-1EC7-4B8F-A30B-E4D90942FC07): 1
LogDevObjectVersion:   Dev-Automation (0DF73D61-A23F-47EA-B727-89E90C41499A): 1
LogDevObjectVersion:   FortniteMain (601D1886-AC64-4F84-AA16-D3DE0DEAC7D6): 27
LogDevObjectVersion:   Dev-Enterprise (9DFFBCD6-494F-0158-E221-12823C92A888): 6
LogDevObjectVersion:   Dev-Niagara (F2AED0AC-9AFE-416F-8664-AA7FFA26D6FC): 1
LogDevObjectVersion:   Dev-Destruction (174F1F0B-B4C6-45A5-B13F-2EE8D0FB917D): 9
LogInit: Presizing for max 16777216 objects, including 0 objects not considered by GC, pre-allocating 0 bytes for permanent pool.
LogInit: Object subsystem initialized
LogConfig: Setting CVar [[con.DebugEarlyDefault:1]]
LogConfig: Setting CVar [[r.setres:1280x720]]
[2020.04.27-15.59.29:577][  0]LogConfig: Setting CVar [[r.VSync:0]]
[2020.04.27-15.59.29:577][  0]LogConfig: Setting CVar [[r.RHICmdBypass:0]]
[2020.04.27-15.59.29:577][  0]LogConfig: Applying CVar settings from Section [/Script/Engine.RendererSettings] File [C:/Users/Sergio/Documents/GitHub/FirstShooterGame/ProyectoComunShooter/Saved/Config/Windows/Engine.ini]
[2020.04.27-15.59.29:577][  0]LogConfig: Setting CVar [[r.GPUCrashDebugging:0]]
[2020.04.27-15.59.29:577][  0]LogConfig: Applying CVar settings from Section [/Script/Engine.RendererOverrideSettings] File [C:/Users/Sergio/Documents/GitHub/FirstShooterGame/ProyectoComunShooter/Saved/Config/Windows/Engine.ini]
[2020.04.27-15.59.29:577][  0]LogConfig: Applying CVar settings from Section [/Script/Engine.StreamingSettings] File [C:/Users/Sergio/Documents/GitHub/FirstShooterGame/ProyectoComunShooter/Saved/Config/Windows/Engine.ini]
[2020.04.27-15.59.29:577][  0]LogConfig: Setting CVar [[s.MinBulkDataSizeForAsyncLoading:131072]]
[2020.04.27-15.59.29:577][  0]LogConfig: Setting CVar [[s.AsyncLoadingThreadEnabled:0]]
[2020.04.27-15.59.29:577][  0]LogConfig: Setting CVar [[s.EventDrivenLoaderEnabled:1]]
[2020.04.27-15.59.29:577][  0]LogConfig: Setting CVar [[s.WarnIfTimeLimitExceeded:0]]
[2020.04.27-15.59.29:577][  0]LogConfig: Setting CVar [[s.TimeLimitExceededMultiplier:1.5]]
[2020.04.27-15.59.29:577][  0]LogConfig: Setting CVar [[s.TimeLimitExceededMinTime:0.005]]
[2020.04.27-15.59.29:577][  0]LogConfig: Setting CVar [[s.UseBackgroundLevelStreaming:1]]
[2020.04.27-15.59.29:577][  0]LogConfig: Setting CVar [[s.PriorityAsyncLoadingExtraTime:15.0]]
[2020.04.27-15.59.29:577][  0]LogConfig: Setting CVar [[s.LevelStreamingActorsUpdateTimeLimit:5.0]]
[2020.04.27-15.59.29:577][  0]LogConfig: Setting CVar [[s.PriorityLevelStreamingActorsUpdateExtraTime:5.0]]
[2020.04.27-15.59.29:577][  0]LogConfig: Setting CVar [[s.LevelStreamingComponentsRegistrationGranularity:10]]
[2020.04.27-15.59.29:577][  0]LogConfig: Setting CVar [[s.UnregisterComponentsTimeLimit:1.0]]
[2020.04.27-15.59.29:577][  0]LogConfig: Setting CVar [[s.LevelStreamingComponentsUnregistrationGranularity:5]]
[2020.04.27-15.59.29:577][  0]LogConfig: Applying CVar settings from Section [/Script/Engine.GarbageCollectionSettings] File [C:/Users/Sergio/Documents/GitHub/FirstShooterGame/ProyectoComunShooter/Saved/Config/Windows/Engine.ini]
[2020.04.27-15.59.29:577][  0]LogConfig: Setting CVar [[gc.MaxObjectsNotConsideredByGC:1]]
[2020.04.27-15.59.29:577][  0]LogConfig: Setting CVar [[gc.SizeOfPermanentObjectPool:0]]
[2020.04.27-15.59.29:577][  0]LogConfig: Setting CVar [[gc.FlushStreamingOnGC:0]]
[2020.04.27-15.59.29:577][  0]LogConfig: Setting CVar [[gc.NumRetriesBeforeForcingGC:10]]
[2020.04.27-15.59.29:577][  0]LogConfig: Setting CVar [[gc.AllowParallelGC:1]]
[2020.04.27-15.59.29:577][  0]LogConfig: Setting CVar [[gc.TimeBetweenPurgingPendingKillObjects:61.1]]
[2020.04.27-15.59.29:577][  0]LogConfig: Setting CVar [[gc.MaxObjectsInEditor:16777216]]
[2020.04.27-15.59.29:577][  0]LogConfig: Setting CVar [[gc.IncrementalBeginDestroyEnabled:1]]
[2020.04.27-15.59.29:577][  0]LogConfig: Setting CVar [[gc.CreateGCClusters:1]]
[2020.04.27-15.59.29:577][  0]LogConfig: Setting CVar [[gc.MinGCClusterSize:5]]
[2020.04.27-15.59.29:577][  0]LogConfig: Setting CVar [[gc.ActorClusteringEnabled:0]]
[2020.04.27-15.59.29:577][  0]LogConfig: Setting CVar [[gc.BlueprintClusteringEnabled:0]]
[2020.04.27-15.59.29:577][  0]LogConfig: Setting CVar [[gc.UseDisregardForGCOnDedicatedServers:0]]
[2020.04.27-15.59.29:577][  0]LogConfig: Applying CVar settings from Section [/Script/Engine.NetworkSettings] File [C:/Users/Sergio/Documents/GitHub/FirstShooterGame/ProyectoComunShooter/Saved/Config/Windows/Engine.ini]
[2020.04.27-15.59.29:578][  0]LogConfig: Applying CVar settings from Section [/Script/UnrealEd.CookerSettings] File [C:/Users/Sergio/Documents/GitHub/FirstShooterGame/ProyectoComunShooter/Saved/Config/Windows/Engine.ini]
[2020.04.27-15.59.29:583][  0]LogConfig: Applying CVar settings from Section [ViewDistanceQuality@3] File [C:/Users/Sergio/Documents/GitHub/FirstShooterGame/ProyectoComunShooter/Saved/Config/Windows/Scalability.ini]
[2020.04.27-15.59.29:583][  0]LogConfig: Setting CVar [[r.SkeletalMeshLODBias:0]]
[2020.04.27-15.59.29:583][  0]LogConfig: Setting CVar [[r.ViewDistanceScale:1.0]]
[2020.04.27-15.59.29:583][  0]LogConfig: Applying CVar settings from Section [AntiAliasingQuality@3] File [C:/Users/Sergio/Documents/GitHub/FirstShooterGame/ProyectoComunShooter/Saved/Config/Windows/Scalability.ini]
[2020.04.27-15.59.29:583][  0]LogConfig: Setting CVar [[r.PostProcessAAQuality:4]]
[2020.04.27-15.59.29:583][  0]LogConfig: Applying CVar settings from Section [ShadowQuality@3] File [C:/Users/Sergio/Documents/GitHub/FirstShooterGame/ProyectoComunShooter/Saved/Config/Windows/Scalability.ini]
[2020.04.27-15.59.29:583][  0]LogConfig: Setting CVar [[r.LightFunctionQuality:1]]
[2020.04.27-15.59.29:583][  0]LogConfig: Setting CVar [[r.ShadowQuality:5]]
[2020.04.27-15.59.29:583][  0]LogConfig: Setting CVar [[r.Shadow.CSM.MaxCascades:10]]
[2020.04.27-15.59.29:583][  0]LogConfig: Setting CVar [[r.Shadow.MaxResolution:2048]]
[2020.04.27-15.59.29:583][  0]LogConfig: Setting CVar [[r.Shadow.MaxCSMResolution:2048]]
[2020.04.27-15.59.29:583][  0]LogConfig: Setting CVar [[r.Shadow.RadiusThreshold:0.01]]
[2020.04.27-15.59.29:583][  0]LogConfig: Setting CVar [[r.Shadow.DistanceScale:1.0]]
[2020.04.27-15.59.29:583][  0]LogConfig: Setting CVar [[r.Shadow.CSM.TransitionScale:1.0]]
[2020.04.27-15.59.29:583][  0]LogConfig: Setting CVar [[r.Shadow.PreShadowResolutionFactor:1.0]]
[2020.04.27-15.59.29:583][  0]LogConfig: Setting CVar [[r.DistanceFieldShadowing:1]]
[2020.04.27-15.59.29:583][  0]LogConfig: Setting CVar [[r.DistanceFieldAO:1]]
[2020.04.27-15.59.29:583][  0]LogConfig: Setting CVar [[r.AOQuality:2]]
[2020.04.27-15.59.29:583][  0]LogConfig: Setting CVar [[r.VolumetricFog:1]]
[2020.04.27-15.59.29:583][  0]LogConfig: Setting CVar [[r.VolumetricFog.GridPixelSize:8]]
[2020.04.27-15.59.29:583][  0]LogConfig: Setting CVar [[r.VolumetricFog.GridSizeZ:128]]
[2020.04.27-15.59.29:583][  0]LogConfig: Setting CVar [[r.VolumetricFog.HistoryMissSupersampleCount:4]]
[2020.04.27-15.59.29:583][  0]LogConfig: Setting CVar [[r.LightMaxDrawDistanceScale:1]]
[2020.04.27-15.59.29:583][  0]LogConfig: Setting CVar [[r.CapsuleShadows:1]]
[2020.04.27-15.59.29:583][  0]LogConfig: Applying CVar settings from Section [PostProcessQuality@3] File [C:/Users/Sergio/Documents/GitHub/FirstShooterGame/ProyectoComunShooter/Saved/Config/Windows/Scalability.ini]
[2020.04.27-15.59.29:583][  0]LogConfig: Setting CVar [[r.MotionBlurQuality:4]]
[2020.04.27-15.59.29:583][  0]LogConfig: Setting CVar [[r.AmbientOcclusionMipLevelFactor:0.4]]
[2020.04.27-15.59.29:583][  0]LogConfig: Setting CVar [[r.AmbientOcclusionMaxQuality:100]]
[2020.04.27-15.59.29:583][  0]LogConfig: Setting CVar [[r.AmbientOcclusionLevels:-1]]
[2020.04.27-15.59.29:583][  0]LogConfig: Setting CVar [[r.AmbientOcclusionRadiusScale:1.0]]
[2020.04.27-15.59.29:583][  0]LogConfig: Setting CVar [[r.DepthOfFieldQuality:2]]
[2020.04.27-15.59.29:583][  0]LogConfig: Setting CVar [[r.RenderTargetPoolMin:400]]
[2020.04.27-15.59.29:583][  0]LogConfig: Setting CVar [[r.LensFlareQuality:2]]
[2020.04.27-15.59.29:583][  0]LogConfig: Setting CVar [[r.SceneColorFringeQuality:1]]
[2020.04.27-15.59.29:583][  0]LogConfig: Setting CVar [[r.EyeAdaptationQuality:2]]
[2020.04.27-15.59.29:583][  0]LogConfig: Setting CVar [[r.BloomQuality:5]]
[2020.04.27-15.59.29:583][  0]LogConfig: Setting CVar [[r.FastBlurThreshold:100]]
[2020.04.27-15.59.29:583][  0]LogConfig: Setting CVar [[r.Upscale.Quality:3]]
[2020.04.27-15.59.29:583][  0]LogConfig: Setting CVar [[r.Tonemapper.GrainQuantization:1]]
[2020.04.27-15.59.29:583][  0]LogConfig: Setting CVar [[r.LightShaftQuality:1]]
[2020.04.27-15.59.29:583][  0]LogConfig: Setting CVar [[r.Filter.SizeScale:1]]
[2020.04.27-15.59.29:583][  0]LogConfig: Setting CVar [[r.Tonemapper.Quality:5]]
[2020.04.27-15.59.29:583][  0]LogConfig: Setting CVar [[r.DOF.Gather.AccumulatorQuality:1        ; higher gathering accumulator quality]]
[2020.04.27-15.59.29:583][  0]LogConfig: Setting CVar [[r.DOF.Gather.PostfilterMethod:1          ; Median3x3 postfilering method]]
[2020.04.27-15.59.29:583][  0]LogConfig: Setting CVar [[r.DOF.Gather.EnableBokehSettings:0       ; no bokeh simulation when gathering]]
[2020.04.27-15.59.29:584][  0]LogConfig: Setting CVar [[r.DOF.Gather.RingCount:4                 ; medium number of samples when gathering]]
[2020.04.27-15.59.29:584][  0]LogConfig: Setting CVar [[r.DOF.Scatter.ForegroundCompositing:1    ; additive foreground scattering]]
[2020.04.27-15.59.29:584][  0]LogConfig: Setting CVar [[r.DOF.Scatter.BackgroundCompositing:2    ; additive background scattering]]
[2020.04.27-15.59.29:584][  0]LogConfig: Setting CVar [[r.DOF.Scatter.EnableBokehSettings:1      ; bokeh simulation when scattering]]
[2020.04.27-15.59.29:584][  0]LogConfig: Setting CVar [[r.DOF.Scatter.MaxSpriteRatio:0.1         ; only a maximum of 10% of scattered bokeh]]
[2020.04.27-15.59.29:584][  0]LogConfig: Setting CVar [[r.DOF.Recombine.Quality:1                ; cheap slight out of focus]]
[2020.04.27-15.59.29:584][  0]LogConfig: Setting CVar [[r.DOF.Recombine.EnableBokehSettings:0    ; no bokeh simulation on slight out of focus]]
[2020.04.27-15.59.29:584][  0]LogConfig: Setting CVar [[r.DOF.TemporalAAQuality:1                ; more stable temporal accumulation]]
[2020.04.27-15.59.29:584][  0]LogConfig: Setting CVar [[r.DOF.Kernel.MaxForegroundRadius:0.025]]
[2020.04.27-15.59.29:584][  0]LogConfig: Setting CVar [[r.DOF.Kernel.MaxBackgroundRadius:0.025]]
[2020.04.27-15.59.29:584][  0]LogConfig: Applying CVar settings from Section [TextureQuality@3] File [C:/Users/Sergio/Documents/GitHub/FirstShooterGame/ProyectoComunShooter/Saved/Config/Windows/Scalability.ini]
[2020.04.27-15.59.29:584][  0]LogConfig: Setting CVar [[r.Streaming.MipBias:0]]
[2020.04.27-15.59.29:584][  0]LogConfig: Setting CVar [[r.Streaming.AmortizeCPUToGPUCopy:0]]
[2020.04.27-15.59.29:584][  0]LogConfig: Setting CVar [[r.Streaming.MaxNumTexturesToStreamPerFrame:0]]
[2020.04.27-15.59.29:584][  0]LogConfig: Setting CVar [[r.Streaming.Boost:1]]
[2020.04.27-15.59.29:584][  0]LogConfig: Setting CVar [[r.MaxAnisotropy:8]]
[2020.04.27-15.59.29:584][  0]LogConfig: Setting CVar [[r.Streaming.LimitPoolSizeToVRAM:0]]
[2020.04.27-15.59.29:584][  0]LogConfig: Setting CVar [[r.Streaming.PoolSize:1000]]
[2020.04.27-15.59.29:584][  0]LogConfig: Setting CVar [[r.Streaming.MaxEffectiveScreenSize:0]]
[2020.04.27-15.59.29:584][  0]LogConfig: Applying CVar settings from Section [EffectsQuality@3] File [C:/Users/Sergio/Documents/GitHub/FirstShooterGame/ProyectoComunShooter/Saved/Config/Windows/Scalability.ini]
[2020.04.27-15.59.29:584][  0]LogConfig: Setting CVar [[r.TranslucencyLightingVolumeDim:64]]
[2020.04.27-15.59.29:584][  0]LogConfig: Setting CVar [[r.RefractionQuality:2]]
[2020.04.27-15.59.29:584][  0]LogConfig: Setting CVar [[r.SSR.Quality:3]]
[2020.04.27-15.59.29:584][  0]LogConfig: Setting CVar [[r.SceneColorFormat:4]]
[2020.04.27-15.59.29:584][  0]LogConfig: Setting CVar [[r.DetailMode:2]]
[2020.04.27-15.59.29:584][  0]LogConfig: Setting CVar [[r.TranslucencyVolumeBlur:1]]
[2020.04.27-15.59.29:584][  0]LogConfig: Setting CVar [[r.MaterialQualityLevel:1 ; High quality]]
[2020.04.27-15.59.29:584][  0]LogConfig: Setting CVar [[r.SSS.Scale:1]]
[2020.04.27-15.59.29:584][  0]LogConfig: Setting CVar [[r.SSS.SampleSet:2]]
[2020.04.27-15.59.29:584][  0]LogConfig: Setting CVar [[r.SSS.Quality:1]]
[2020.04.27-15.59.29:584][  0]LogConfig: Setting CVar [[r.SSS.HalfRes:1]]
[2020.04.27-15.59.29:584][  0]LogConfig: Setting CVar [[r.EmitterSpawnRateScale:1.0]]
[2020.04.27-15.59.29:584][  0]LogConfig: Setting CVar [[r.ParticleLightQuality:2]]
[2020.04.27-15.59.29:584][  0]LogConfig: Applying CVar settings from Section [FoliageQuality@3] File [C:/Users/Sergio/Documents/GitHub/FirstShooterGame/ProyectoComunShooter/Saved/Config/Windows/Scalability.ini]
[2020.04.27-15.59.29:585][  0]LogConfig: Setting CVar [[foliage.DensityScale:1.0]]
[2020.04.27-15.59.29:585][  0]LogConfig: Setting CVar [[grass.DensityScale:1.0]]
[2020.04.27-15.59.29:585][  0]LogInit: Selected Device Profile: [Windows]
[2020.04.27-15.59.29:585][  0]LogInit: Applying CVar settings loaded from the selected device profile: [Windows]
[2020.04.27-15.59.29:591][  0]LogHAL: Display: Platform has ~ 8 GB [8471891968 / 8589934592 / 8], which maps to Default [LargestMinGB=32, LargerMinGB=12, DefaultMinGB=8, SmallerMinGB=6, SmallestMinGB=0)
[2020.04.27-15.59.29:591][  0]LogInit: Going up to parent DeviceProfile []
[2020.04.27-15.59.29:591][  0]LogConfig: Applying CVar settings from Section [ViewDistanceQuality@3] File [C:/Users/Sergio/Documents/GitHub/FirstShooterGame/ProyectoComunShooter/Saved/Config/Windows/Scalability.ini]
[2020.04.27-15.59.29:591][  0]LogConfig: Setting CVar [[r.SkeletalMeshLODBias:0]]
[2020.04.27-15.59.29:591][  0]LogConfig: Setting CVar [[r.ViewDistanceScale:1.0]]
[2020.04.27-15.59.29:591][  0]LogConfig: Applying CVar settings from Section [AntiAliasingQuality@3] File [C:/Users/Sergio/Documents/GitHub/FirstShooterGame/ProyectoComunShooter/Saved/Config/Windows/Scalability.ini]
[2020.04.27-15.59.29:591][  0]LogConfig: Setting CVar [[r.PostProcessAAQuality:4]]
[2020.04.27-15.59.29:591][  0]LogConfig: Applying CVar settings from Section [ShadowQuality@3] File [C:/Users/Sergio/Documents/GitHub/FirstShooterGame/ProyectoComunShooter/Saved/Config/Windows/Scalability.ini]
[2020.04.27-15.59.29:591][  0]LogConfig: Setting CVar [[r.LightFunctionQuality:1]]
[2020.04.27-15.59.29:591][  0]LogConfig: Setting CVar [[r.ShadowQuality:5]]
[2020.04.27-15.59.29:591][  0]LogConfig: Setting CVar [[r.Shadow.CSM.MaxCascades:10]]
[2020.04.27-15.59.29:591][  0]LogConfig: Setting CVar [[r.Shadow.MaxResolution:2048]]
[2020.04.27-15.59.29:591][  0]LogConfig: Setting CVar [[r.Shadow.MaxCSMResolution:2048]]
[2020.04.27-15.59.29:591][  0]LogConfig: Setting CVar [[r.Shadow.RadiusThreshold:0.01]]
[2020.04.27-15.59.29:591][  0]LogConfig: Setting CVar [[r.Shadow.DistanceScale:1.0]]
[2020.04.27-15.59.29:591][  0]LogConfig: Setting CVar [[r.Shadow.CSM.TransitionScale:1.0]]
[2020.04.27-15.59.29:591][  0]LogConfig: Setting CVar [[r.Shadow.PreShadowResolutionFactor:1.0]]
[2020.04.27-15.59.29:591][  0]LogConfig: Setting CVar [[r.DistanceFieldShadowing:1]]
[2020.04.27-15.59.29:591][  0]LogConfig: Setting CVar [[r.DistanceFieldAO:1]]
[2020.04.27-15.59.29:591][  0]LogConfig: Setting CVar [[r.AOQuality:2]]
[2020.04.27-15.59.29:591][  0]LogConfig: Setting CVar [[r.VolumetricFog:1]]
[2020.04.27-15.59.29:591][  0]LogConfig: Setting CVar [[r.VolumetricFog.GridPixelSize:8]]
[2020.04.27-15.59.29:591][  0]LogConfig: Setting CVar [[r.VolumetricFog.GridSizeZ:128]]
[2020.04.27-15.59.29:591][  0]LogConfig: Setting CVar [[r.VolumetricFog.HistoryMissSupersampleCount:4]]
[2020.04.27-15.59.29:591][  0]LogConfig: Setting CVar [[r.LightMaxDrawDistanceScale:1]]
[2020.04.27-15.59.29:591][  0]LogConfig: Setting CVar [[r.CapsuleShadows:1]]
[2020.04.27-15.59.29:591][  0]LogConfig: Applying CVar settings from Section [PostProcessQuality@3] File [C:/Users/Sergio/Documents/GitHub/FirstShooterGame/ProyectoComunShooter/Saved/Config/Windows/Scalability.ini]
[2020.04.27-15.59.29:591][  0]LogConfig: Setting CVar [[r.MotionBlurQuality:4]]
[2020.04.27-15.59.29:591][  0]LogConfig: Setting CVar [[r.AmbientOcclusionMipLevelFactor:0.4]]
[2020.04.27-15.59.29:591][  0]LogConfig: Setting CVar [[r.AmbientOcclusionMaxQuality:100]]
[2020.04.27-15.59.29:591][  0]LogConfig: Setting CVar [[r.AmbientOcclusionLevels:-1]]
[2020.04.27-15.59.29:591][  0]LogConfig: Setting CVar [[r.AmbientOcclusionRadiusScale:1.0]]
[2020.04.27-15.59.29:591][  0]LogConfig: Setting CVar [[r.DepthOfFieldQuality:2]]
[2020.04.27-15.59.29:591][  0]LogConfig: Setting CVar [[r.RenderTargetPoolMin:400]]
[2020.04.27-15.59.29:591][  0]LogConfig: Setting CVar [[r.LensFlareQuality:2]]
[2020.04.27-15.59.29:591][  0]LogConfig: Setting CVar [[r.SceneColorFringeQuality:1]]
[2020.04.27-15.59.29:591][  0]LogConfig: Setting CVar [[r.EyeAdaptationQuality:2]]
[2020.04.27-15.59.29:591][  0]LogConfig: Setting CVar [[r.BloomQuality:5]]
[2020.04.27-15.59.29:591][  0]LogConfig: Setting CVar [[r.FastBlurThreshold:100]]
[2020.04.27-15.59.29:591][  0]LogConfig: Setting CVar [[r.Upscale.Quality:3]]
[2020.04.27-15.59.29:591][  0]LogConfig: Setting CVar [[r.Tonemapper.GrainQuantization:1]]
[2020.04.27-15.59.29:591][  0]LogConfig: Setting CVar [[r.LightShaftQuality:1]]
[2020.04.27-15.59.29:591][  0]LogConfig: Setting CVar [[r.Filter.SizeScale:1]]
[2020.04.27-15.59.29:591][  0]LogConfig: Setting CVar [[r.Tonemapper.Quality:5]]
[2020.04.27-15.59.29:591][  0]LogConfig: Setting CVar [[r.DOF.Gather.AccumulatorQuality:1        ; higher gathering accumulator quality]]
[2020.04.27-15.59.29:591][  0]LogConfig: Setting CVar [[r.DOF.Gather.PostfilterMethod:1          ; Median3x3 postfilering method]]
[2020.04.27-15.59.29:592][  0]LogConfig: Setting CVar [[r.DOF.Gather.EnableBokehSettings:0       ; no bokeh simulation when gathering]]
[2020.04.27-15.59.29:592][  0]LogConfig: Setting CVar [[r.DOF.Gather.RingCount:4                 ; medium number of samples when gathering]]
[2020.04.27-15.59.29:592][  0]LogConfig: Setting CVar [[r.DOF.Scatter.ForegroundCompositing:1    ; additive foreground scattering]]
[2020.04.27-15.59.29:592][  0]LogConfig: Setting CVar [[r.DOF.Scatter.BackgroundCompositing:2    ; additive background scattering]]
[2020.04.27-15.59.29:592][  0]LogConfig: Setting CVar [[r.DOF.Scatter.EnableBokehSettings:1      ; bokeh simulation when scattering]]
[2020.04.27-15.59.29:592][  0]LogConfig: Setting CVar [[r.DOF.Scatter.MaxSpriteRatio:0.1         ; only a maximum of 10% of scattered bokeh]]
[2020.04.27-15.59.29:592][  0]LogConfig: Setting CVar [[r.DOF.Recombine.Quality:1                ; cheap slight out of focus]]
[2020.04.27-15.59.29:592][  0]LogConfig: Setting CVar [[r.DOF.Recombine.EnableBokehSettings:0    ; no bokeh simulation on slight out of focus]]
[2020.04.27-15.59.29:592][  0]LogConfig: Setting CVar [[r.DOF.TemporalAAQuality:1                ; more stable temporal accumulation]]
[2020.04.27-15.59.29:592][  0]LogConfig: Setting CVar [[r.DOF.Kernel.MaxForegroundRadius:0.025]]
[2020.04.27-15.59.29:592][  0]LogConfig: Setting CVar [[r.DOF.Kernel.MaxBackgroundRadius:0.025]]
[2020.04.27-15.59.29:592][  0]LogConfig: Applying CVar settings from Section [TextureQuality@3] File [C:/Users/Sergio/Documents/GitHub/FirstShooterGame/ProyectoComunShooter/Saved/Config/Windows/Scalability.ini]
[2020.04.27-15.59.29:592][  0]LogConfig: Setting CVar [[r.Streaming.MipBias:0]]
[2020.04.27-15.59.29:592][  0]LogConfig: Setting CVar [[r.Streaming.AmortizeCPUToGPUCopy:0]]
[2020.04.27-15.59.29:592][  0]LogConfig: Setting CVar [[r.Streaming.MaxNumTexturesToStreamPerFrame:0]]
[2020.04.27-15.59.29:592][  0]LogConfig: Setting CVar [[r.Streaming.Boost:1]]
[2020.04.27-15.59.29:592][  0]LogConfig: Setting CVar [[r.MaxAnisotropy:8]]
[2020.04.27-15.59.29:592][  0]LogConfig: Setting CVar [[r.Streaming.LimitPoolSizeToVRAM:0]]
[2020.04.27-15.59.29:592][  0]LogConfig: Setting CVar [[r.Streaming.PoolSize:1000]]
[2020.04.27-15.59.29:592][  0]LogConfig: Setting CVar [[r.Streaming.MaxEffectiveScreenSize:0]]
[2020.04.27-15.59.29:592][  0]LogConfig: Applying CVar settings from Section [EffectsQuality@3] File [C:/Users/Sergio/Documents/GitHub/FirstShooterGame/ProyectoComunShooter/Saved/Config/Windows/Scalability.ini]
[2020.04.27-15.59.29:592][  0]LogConfig: Setting CVar [[r.TranslucencyLightingVolumeDim:64]]
[2020.04.27-15.59.29:592][  0]LogConfig: Setting CVar [[r.RefractionQuality:2]]
[2020.04.27-15.59.29:592][  0]LogConfig: Setting CVar [[r.SSR.Quality:3]]
[2020.04.27-15.59.29:592][  0]LogConfig: Setting CVar [[r.SceneColorFormat:4]]
[2020.04.27-15.59.29:592][  0]LogConfig: Setting CVar [[r.DetailMode:2]]
[2020.04.27-15.59.29:592][  0]LogConfig: Setting CVar [[r.TranslucencyVolumeBlur:1]]
[2020.04.27-15.59.29:592][  0]LogConfig: Setting CVar [[r.MaterialQualityLevel:1 ; High quality]]
[2020.04.27-15.59.29:592][  0]LogConfig: Setting CVar [[r.SSS.Scale:1]]
[2020.04.27-15.59.29:592][  0]LogConfig: Setting CVar [[r.SSS.SampleSet:2]]
[2020.04.27-15.59.29:592][  0]LogConfig: Setting CVar [[r.SSS.Quality:1]]
[2020.04.27-15.59.29:592][  0]LogConfig: Setting CVar [[r.SSS.HalfRes:1]]
[2020.04.27-15.59.29:592][  0]LogConfig: Setting CVar [[r.EmitterSpawnRateScale:1.0]]
[2020.04.27-15.59.29:592][  0]LogConfig: Setting CVar [[r.ParticleLightQuality:2]]
[2020.04.27-15.59.29:592][  0]LogConfig: Applying CVar settings from Section [FoliageQuality@3] File [C:/Users/Sergio/Documents/GitHub/FirstShooterGame/ProyectoComunShooter/Saved/Config/Windows/Scalability.ini]
[2020.04.27-15.59.29:592][  0]LogConfig: Setting CVar [[foliage.DensityScale:1.0]]
[2020.04.27-15.59.29:592][  0]LogConfig: Setting CVar [[grass.DensityScale:1.0]]
[2020.04.27-15.59.29:592][  0]LogConfig: Applying CVar settings from Section [Startup] File [../../../Engine/Config/ConsoleVariables.ini]
[2020.04.27-15.59.29:593][  0]LogConfig: Setting CVar [[net.UseAdaptiveNetUpdateFrequency:0]]
[2020.04.27-15.59.29:593][  0]LogConfig: Setting CVar [[p.chaos.AllowCreatePhysxBodies:1]]
[2020.04.27-15.59.29:593][  0]LogConfig: Applying CVar settings from Section [ConsoleVariables] File [C:/Users/Sergio/Documents/GitHub/FirstShooterGame/ProyectoComunShooter/Saved/Config/Windows/Engine.ini]
[2020.04.27-15.59.29:593][  0]LogInit: Computer: OPTIMUSGAMING
[2020.04.27-15.59.29:593][  0]LogInit: User: Sergio
[2020.04.27-15.59.29:593][  0]LogInit: CPU Page size=4096, Cores=4
[2020.04.27-15.59.29:593][  0]LogInit: High frequency timer resolution =10.000000 MHz
[2020.04.27-15.59.29:593][  0]LogMemory: Memory total: Physical=7.9GB (8GB approx)
[2020.04.27-15.59.29:593][  0]LogMemory: Platform Memory Stats for Windows
[2020.04.27-15.59.29:593][  0]LogMemory: Process Physical Memory: 100.51 MB used, 100.51 MB peak
[2020.04.27-15.59.29:593][  0]LogMemory: Process Virtual Memory: 88.17 MB used, 88.17 MB peak
[2020.04.27-15.59.29:593][  0]LogMemory: Physical Memory: 4909.53 MB used,  3169.89 MB free, 8079.43 MB total
[2020.04.27-15.59.29:593][  0]LogMemory: Virtual Memory: 4629.41 MB used,  134213096.00 MB free, 134217728.00 MB total
[2020.04.27-15.59.29:620][  0]LogWindows: WindowsPlatformFeatures enabled
[2020.04.27-15.59.29:682][  0]LogInit: Overriding language with editor language configuration option (en).
[2020.04.27-15.59.29:682][  0]LogInit: Overriding locale with editor locale configuration option (en).
[2020.04.27-15.59.29:885][  0]LogInit: Setting process to per monitor DPI aware
[2020.04.27-15.59.29:931][  0]LogSlate: New Slate User Created.  User Index 0, Is Virtual User: 0
[2020.04.27-15.59.29:931][  0]LogSlate: Slate User Registered.  User Index 0, Is Virtual User: 0
[2020.04.27-15.59.30:641][  0]LogHMD: Failed to initialize OpenVR with code 110
[2020.04.27-15.59.30:641][  0]LogD3D11RHI: D3D11 adapters:
[2020.04.27-15.59.30:737][  0]LogD3D11RHI:    0. 'NVIDIA GeForce GTX 1050 Ti' (Feature Level 11_0)
[2020.04.27-15.59.30:737][  0]LogD3D11RHI:       4018/0/4039 MB DedicatedVideo/DedicatedSystem/SharedSystem, Outputs:1, VendorId:0x10de
[2020.04.27-15.59.30:748][  0]LogD3D11RHI:    1. 'Intel(R) HD Graphics 4600' (Feature Level 11_0)
[2020.04.27-15.59.30:748][  0]LogD3D11RHI:       112/0/2048 MB DedicatedVideo/DedicatedSystem/SharedSystem, Outputs:0, VendorId:0x8086
[2020.04.27-15.59.30:752][  0]LogD3D11RHI:    2. 'Microsoft Basic Render Driver' (Feature Level 11_0)
[2020.04.27-15.59.30:752][  0]LogD3D11RHI:       0/0/4039 MB DedicatedVideo/DedicatedSystem/SharedSystem, Outputs:0, VendorId:0x1414
[2020.04.27-15.59.30:752][  0]LogD3D11RHI: Chosen D3D11 Adapter: 0
[2020.04.27-15.59.30:762][  0]LogD3D11RHI: Creating new Direct3DDevice
[2020.04.27-15.59.30:762][  0]LogD3D11RHI:     GPU DeviceId: 0x1c82 (for the marketing name, search the web for "GPU Device Id")
[2020.04.27-15.59.30:762][  0]LogWindows: EnumDisplayDevices:
[2020.04.27-15.59.30:762][  0]LogWindows:    0. 'NVIDIA GeForce GTX 1050 Ti' (P:1 D:1)
[2020.04.27-15.59.30:763][  0]LogWindows:    1. 'NVIDIA GeForce GTX 1050 Ti' (P:0 D:0)
[2020.04.27-15.59.30:764][  0]LogWindows:    2. 'NVIDIA GeForce GTX 1050 Ti' (P:0 D:0)
[2020.04.27-15.59.30:764][  0]LogWindows:    3. 'NVIDIA GeForce GTX 1050 Ti' (P:0 D:0)
[2020.04.27-15.59.30:765][  0]LogWindows:    4. 'Intel(R) HD Graphics 4600' (P:0 D:0)
[2020.04.27-15.59.30:766][  0]LogWindows:    5. 'Intel(R) HD Graphics 4600' (P:0 D:0)
[2020.04.27-15.59.30:767][  0]LogWindows:    6. 'Intel(R) HD Graphics 4600' (P:0 D:0)
[2020.04.27-15.59.30:767][  0]LogWindows: DebugString: PrimaryIsNotTheChoosenAdapter PrimaryIsNotTheChoosenAdapter PrimaryIsNotTheChoosenAdapter FoundDriverCount:4 
[2020.04.27-15.59.30:767][  0]LogD3D11RHI:     Adapter Name: NVIDIA GeForce GTX 1050 Ti
[2020.04.27-15.59.30:767][  0]LogD3D11RHI:   Driver Version: 445.87 (internal:26.21.14.4587, unified:445.87)
[2020.04.27-15.59.30:767][  0]LogD3D11RHI:      Driver Date: 4-3-2020
[2020.04.27-15.59.30:767][  0]LogRHI: Texture pool is 2812 MB (70% of 4018 MB)
[2020.04.27-15.59.30:831][  0]LogD3D11RHI: Async texture creation enabled
[2020.04.27-15.59.30:856][  0]LogD3D11RHI: GPU Timing Frequency: 1000.000000 (Debug: 2 1)
[2020.04.27-15.59.31:381][  0]LogTemp: Display: Module 'AllDesktopTargetPlatform' loaded TargetPlatform 'AllDesktop'
[2020.04.27-15.59.31:400][  0]LogTemp: Display: Module 'MacClientTargetPlatform' loaded TargetPlatform 'MacClient'
[2020.04.27-15.59.31:416][  0]LogTemp: Display: Module 'MacNoEditorTargetPlatform' loaded TargetPlatform 'MacNoEditor'
[2020.04.27-15.59.31:434][  0]LogTemp: Display: Module 'MacServerTargetPlatform' loaded TargetPlatform 'MacServer'
[2020.04.27-15.59.31:452][  0]LogTemp: Display: Module 'MacTargetPlatform' loaded TargetPlatform 'Mac'
[2020.04.27-15.59.31:469][  0]LogTemp: Display: Module 'WindowsClientTargetPlatform' loaded TargetPlatform 'WindowsClient'
[2020.04.27-15.59.31:487][  0]LogTemp: Display: Module 'WindowsNoEditorTargetPlatform' loaded TargetPlatform 'WindowsNoEditor'
[2020.04.27-15.59.31:504][  0]LogTemp: Display: Module 'WindowsServerTargetPlatform' loaded TargetPlatform 'WindowsServer'
[2020.04.27-15.59.31:514][  0]LogTemp: Display: Module 'WindowsTargetPlatform' loaded TargetPlatform 'Windows'
[2020.04.27-15.59.31:560][  0]LogTemp: Display: Module 'AndroidTargetPlatform' loaded TargetPlatform 'Android'
[2020.04.27-15.59.31:560][  0]LogTemp: Display: Module 'AndroidTargetPlatform' loaded TargetPlatform 'Android_ASTC'
[2020.04.27-15.59.31:560][  0]LogTemp: Display: Module 'AndroidTargetPlatform' loaded TargetPlatform 'Android_ATC'
[2020.04.27-15.59.31:560][  0]LogTemp: Display: Module 'AndroidTargetPlatform' loaded TargetPlatform 'Android_DXT'
[2020.04.27-15.59.31:560][  0]LogTemp: Display: Module 'AndroidTargetPlatform' loaded TargetPlatform 'Android_ETC1'
[2020.04.27-15.59.31:560][  0]LogTemp: Display: Module 'AndroidTargetPlatform' loaded TargetPlatform 'Android_ETC1a'
[2020.04.27-15.59.31:560][  0]LogTemp: Display: Module 'AndroidTargetPlatform' loaded TargetPlatform 'Android_ETC2'
[2020.04.27-15.59.31:560][  0]LogTemp: Display: Module 'AndroidTargetPlatform' loaded TargetPlatform 'Android_PVRTC'
[2020.04.27-15.59.31:560][  0]LogTemp: Display: Module 'AndroidTargetPlatform' loaded TargetPlatform 'AndroidClient'
[2020.04.27-15.59.31:560][  0]LogTemp: Display: Module 'AndroidTargetPlatform' loaded TargetPlatform 'Android_ASTCClient'
[2020.04.27-15.59.31:560][  0]LogTemp: Display: Module 'AndroidTargetPlatform' loaded TargetPlatform 'Android_ATCClient'
[2020.04.27-15.59.31:560][  0]LogTemp: Display: Module 'AndroidTargetPlatform' loaded TargetPlatform 'Android_DXTClient'
[2020.04.27-15.59.31:560][  0]LogTemp: Display: Module 'AndroidTargetPlatform' loaded TargetPlatform 'Android_ETC1Client'
[2020.04.27-15.59.31:560][  0]LogTemp: Display: Module 'AndroidTargetPlatform' loaded TargetPlatform 'Android_ETC1aClient'
[2020.04.27-15.59.31:560][  0]LogTemp: Display: Module 'AndroidTargetPlatform' loaded TargetPlatform 'Android_ETC2Client'
[2020.04.27-15.59.31:560][  0]LogTemp: Display: Module 'AndroidTargetPlatform' loaded TargetPlatform 'Android_PVRTCClient'
[2020.04.27-15.59.31:560][  0]LogTemp: Display: Module 'AndroidTargetPlatform' loaded TargetPlatform 'Android_Multi'
[2020.04.27-15.59.31:560][  0]LogTemp: Display: Module 'AndroidTargetPlatform' loaded TargetPlatform 'Android_MultiClient'
[2020.04.27-15.59.31:566][  0]LogTemp: Display: Module 'HTML5TargetPlatform' loaded TargetPlatform 'HTML5'
[2020.04.27-15.59.31:598][  0]LogTemp: Display: Module 'IOSTargetPlatform' loaded TargetPlatform 'IOSClient'
[2020.04.27-15.59.31:598][  0]LogTemp: Display: Module 'IOSTargetPlatform' loaded TargetPlatform 'IOS'
[2020.04.27-15.59.31:623][  0]LogTemp: Display: Module 'TVOSTargetPlatform' loaded TargetPlatform 'TVOSClient'
[2020.04.27-15.59.31:623][  0]LogTemp: Display: Module 'TVOSTargetPlatform' loaded TargetPlatform 'TVOS'
[2020.04.27-15.59.31:636][  0]LogTemp: Display: Module 'LinuxClientTargetPlatform' loaded TargetPlatform 'LinuxClient'
[2020.04.27-15.59.31:648][  0]LogTemp: Display: Module 'LinuxNoEditorTargetPlatform' loaded TargetPlatform 'LinuxNoEditor'
[2020.04.27-15.59.31:661][  0]LogTemp: Display: Module 'LinuxServerTargetPlatform' loaded TargetPlatform 'LinuxServer'
[2020.04.27-15.59.31:676][  0]LogTemp: Display: Module 'LinuxTargetPlatform' loaded TargetPlatform 'Linux'
[2020.04.27-15.59.31:718][  0]LogTemp: Display: Module 'LuminTargetPlatform' loaded TargetPlatform 'Lumin'
[2020.04.27-15.59.31:718][  0]LogTemp: Display: Module 'LuminTargetPlatform' loaded TargetPlatform 'LuminClient'
[2020.04.27-15.59.31:719][  0]LogTargetPlatformManager: Display: Building Assets For Windows
[2020.04.27-15.59.31:742][  0]LogAudioDebug: Display: Lib vorbis DLL was dynamically loaded.
[2020.04.27-15.59.31:907][  0]LogShaderCompilers: Guid format shader working directory is -23 characters bigger than the processId version (C:/Users/Sergio/Documents/GitHub/FirstShooterGame/ProyectoComunShooter/Intermediate/Shaders/WorkingDirectory/1784/).
[2020.04.27-15.59.31:907][  0]LogShaderCompilers: Cleaned the shader compiler working directory 'C:/Users/Sergio/AppData/Local/Temp/UnrealShaderWorkingDir/4B48122A4F80B16AA0B303A2BFBABE50/'.
[2020.04.27-15.59.31:914][  0]LogXGEController: Cleaning working directory: C:/Users/Sergio/AppData/Local/Temp/UnrealXGEWorkingDir/
[2020.04.27-15.59.31:915][  0]LogXGEController: Cannot use XGE Controller as Incredibuild is not installed on this machine.
[2020.04.27-15.59.31:915][  0]LogShaderCompilers: Cannot use XGE Shader Compiler as Incredibuild is not installed on this machine.
[2020.04.27-15.59.31:915][  0]LogShaderCompilers: Display: Using Local Shader Compiler.
[2020.04.27-15.59.32:796][  0]LogDerivedDataCache: Display: Max Cache Size: 512 MB
[2020.04.27-15.59.32:853][  0]LogDerivedDataCache: Loaded boot cache 0.06s 73MB C:/Users/Sergio/AppData/Local/UnrealEngine/4.23/DerivedDataCache/Boot.ddc.
[2020.04.27-15.59.32:853][  0]LogDerivedDataCache: Display: Loaded Boot cache: C:/Users/Sergio/AppData/Local/UnrealEngine/4.23/DerivedDataCache/Boot.ddc
[2020.04.27-15.59.32:853][  0]LogDerivedDataCache: FDerivedDataBackendGraph:  Pak pak cache file C:/Users/Sergio/Documents/GitHub/FirstShooterGame/ProyectoComunShooter/DerivedDataCache/DDC.ddp not found, will not use a pak cache.
[2020.04.27-15.59.32:853][  0]LogDerivedDataCache: Unable to find inner node Pak for hierarchical cache Hierarchy.
[2020.04.27-15.59.32:853][  0]LogDerivedDataCache: FDerivedDataBackendGraph:  CompressedPak pak cache file C:/Users/Sergio/Documents/GitHub/FirstShooterGame/ProyectoComunShooter/DerivedDataCache/Compressed.ddp not found, will not use a pak cache.
[2020.04.27-15.59.32:853][  0]LogDerivedDataCache: Unable to find inner node CompressedPak for hierarchical cache Hierarchy.
[2020.04.27-15.59.32:866][  0]LogDerivedDataCache: Display: Pak cache opened for reading ../../../Engine/DerivedDataCache/Compressed.ddp.
[2020.04.27-15.59.32:866][  0]LogDerivedDataCache: FDerivedDataBackendGraph:  EnterprisePak pak cache file ../../../Enterprise/DerivedDataCache/Compressed.ddp not found, will not use a pak cache.
[2020.04.27-15.59.32:866][  0]LogDerivedDataCache: Unable to find inner node EnterprisePak for hierarchical cache Hierarchy.
[2020.04.27-15.59.32:868][  0]LogDerivedDataCache: Using Local data cache path C:/Users/Sergio/AppData/Local/UnrealEngine/Common/DerivedDataCache: Writable
[2020.04.27-15.59.32:868][  0]LogDerivedDataCache: Shared data cache path not found in *engine.ini, will not use an Shared cache.
[2020.04.27-15.59.32:868][  0]LogDerivedDataCache: Unable to find inner node Shared for hierarchical cache Hierarchy.
[2020.04.27-15.59.32:892][  0]LogMaterial: Verifying Global Shaders for PCD3D_SM5
[2020.04.27-15.59.32:895][  0]LogSlate: Using FreeType 2.6.0
[2020.04.27-15.59.32:896][  0]LogSlate: SlateFontServices - WITH_FREETYPE: 1, WITH_HARFBUZZ: 1
[2020.04.27-15.59.33:024][  0]LogAssetRegistry: FAssetRegistry took 0.0032 seconds to start up
[2020.04.27-15.59.33:356][  0]LogInit: Selected Device Profile: [Windows]
[2020.04.27-15.59.33:591][  0]LogMeshReduction: Using QuadricMeshReduction for automatic static mesh reduction
[2020.04.27-15.59.33:591][  0]LogMeshReduction: Using SimplygonMeshReduction for automatic skeletal mesh reduction
[2020.04.27-15.59.33:591][  0]LogMeshReduction: Using ProxyLODMeshReduction for automatic mesh merging
[2020.04.27-15.59.33:591][  0]LogMeshReduction: No distributed automatic mesh merging module available
[2020.04.27-15.59.33:591][  0]LogMeshMerging: No distributed automatic mesh merging module available
[2020.04.27-15.59.33:605][  0]LogNetVersion: ProyectoComunShooter 1.0.0, NetCL: 8386587, EngineNetVer: 11, GameNetVer: 0 (Checksum: 3979821434)
[2020.04.27-15.59.34:183][  0]LogPackageLocalizationCache: Processed 12 localized package path(s) for 1 prioritized culture(s) in 0.045734 seconds
[2020.04.27-15.59.34:190][  0]LogUObjectArray: 43444 objects as part of root set at end of initial load.
[2020.04.27-15.59.34:190][  0]LogUObjectAllocator: 7548648 out of 0 bytes used by permanent object pool.
[2020.04.27-15.59.34:190][  0]LogUObjectArray: CloseDisregardForGC: 0/0 objects in disregard for GC pool
[2020.04.27-15.59.36:344][  0]LogTcpMessaging: Initializing TcpMessaging bridge
[2020.04.27-15.59.36:349][  0]LogUdpMessaging: Initializing bridge on interface 0.0.0.0:0 to multicast group 230.0.0.1:6666.
[2020.04.27-15.59.36:445][  0]SourceControl: Source control is disabled
[2020.04.27-15.59.36:445][  0]SourceControl: Source control is disabled
[2020.04.27-15.59.36:448][  0]SourceControl: Source control is disabled
[2020.04.27-15.59.36:450][  0]SourceControl: Source control is disabled
[2020.04.27-15.59.36:642][  0]LogAndroidPermission: UAndroidPermissionCallbackProxy::GetInstance
[2020.04.27-15.59.37:169][  0]LogOcInput: OculusInput pre-init called
[2020.04.27-15.59.37:190][  0]LogWindows: Failed to load 'OVRPlugin.dll' (GetLastError=126)
[2020.04.27-15.59.37:190][  0]LogWindows: File 'OVRPlugin.dll' does not exist
[2020.04.27-15.59.37:300][  0]LogEngine: Initializing Engine...
[2020.04.27-15.59.37:301][  0]LogHMD: Failed to initialize OpenVR with code 110
[2020.04.27-15.59.37:302][  0]LogStats: UGameplayTagsManager::InitializeManager -  0.000 s
[2020.04.27-15.59.37:580][  0]LogInit: Initializing FReadOnlyCVARCache
[2020.04.27-15.59.37:614][  0]LogAIModule: Creating AISystem for world Untitled
[2020.04.27-15.59.37:723][  0]LogInit: XAudio2 using 'Altavoces (Realtek High Definition Audio)' : 2 channels at 48 kHz using 32 bits per sample (channel mask 0x3)
[2020.04.27-15.59.37:779][  0]LogInit: FAudioDevice initialized.
[2020.04.27-15.59.37:779][  0]LogNetVersion: Set ProjectVersion to 1.0.0.0. Version Checksum will be recalculated on next use.
[2020.04.27-15.59.37:937][  0]LogDerivedDataCache: Saved boot cache 0.16s 73MB C:/Users/Sergio/AppData/Local/UnrealEngine/4.23/DerivedDataCache/Boot.ddc.
[2020.04.27-15.59.37:937][  0]LogInit: Texture streaming: Enabled
[2020.04.27-15.59.37:990][  0]LogEngineSessionManager: EngineSessionManager initialized
[2020.04.27-15.59.37:990][  0]LogEditorSessionSummary: Verbose: Initializing EditorSessionSummaryWriter for editor session tracking
[2020.04.27-15.59.38:094][  0]LogEditorSessionSummary: EditorSessionSummaryWriter initialized
[2020.04.27-15.59.38:170][  0]LogInit: Transaction tracking system initialized
[2020.04.27-15.59.38:257][  0]BlueprintLog: New page: Editor Load
[2020.04.27-15.59.38:472][  0]LocalizationService: Localization service is disabled
[2020.04.27-15.59.38:916][  0]LogFileCache: Scanning file cache for directory 'C:/Users/Sergio/Documents/GitHub/FirstShooterGame/ProyectoComunShooter/Content/' took 0.01s
[2020.04.27-15.59.38:916][  0]LogCook: Display: Max memory allowance for cook 16384mb min free memory 0mb
[2020.04.27-15.59.38:916][  0]LogCook: Display: Mobile HDR setting 1
[2020.04.27-15.59.39:267][  0]SourceControl: Source control is disabled
[2020.04.27-15.59.39:267][  0]Cmd: MAP LOAD FILE="C:/Users/Sergio/Documents/GitHub/FirstShooterGame/ProyectoComunShooter/Content/FirstPersonBP/Maps/FirstPersonExampleMap.umap" TEMPLATE=0 SHOWPROGRESS=1 FEATURELEVEL=3
[2020.04.27-15.59.39:268][  0]LightingResults: New page: Lighting Build
[2020.04.27-15.59.39:275][  0]LogWorld: UWorld::CleanupWorld for Untitled, bSessionEnded=true, bCleanupResources=true
[2020.04.27-15.59.39:275][  0]MapCheck: New page: Map Check
[2020.04.27-15.59.39:275][  0]LightingResults: New page: Lighting Build
[2020.04.27-15.59.39:305][  0]LogUObjectHash: Compacting FUObjectHashTables data took   1.89ms
[2020.04.27-15.59.45:161][  0]LogTexture: Display: Building textures: HQ_Lightmap1_2 (AutoDXT, 2048X2048)
[2020.04.27-15.59.45:161][  0]LogTexture: Display: Building textures: HQ_Lightmap1_1 (AutoDXT, 2048X2048)
[2020.04.27-15.59.45:161][  0]LogTexture: Display: Building textures: HQ_Lightmap1_3 (AutoDXT, 2048X2048)
[2020.04.27-15.59.45:161][  0]LogTexture: Display: Building textures: HQ_Lightmap1_4 (AutoDXT, 2048X2048)
[2020.04.27-15.59.45:161][  0]LogTexture: Display: Building textures: HQ_Lightmap1_5 (AutoDXT, 128X128)
[2020.04.27-15.59.45:161][  0]LogTexture: Display: Building textures: HQ_Lightmap1_6 (AutoDXT, 64X64)
[2020.04.27-15.59.45:161][  0]LogTexture: Display: Building textures: LQ_Lightmap_1_1 (DXT1, 2048X2048)
[2020.04.27-15.59.45:161][  0]LogTexture: Display: Building textures: LQ_Lightmap_1_2 (DXT1, 2048X2048)
[2020.04.27-15.59.45:161][  0]LogTexture: Display: Building textures: LQ_Lightmap_1_3 (DXT1, 2048X2048)
[2020.04.27-15.59.45:161][  0]LogTexture: Display: Building textures: LQ_Lightmap_1_4 (DXT1, 2048X2048)
[2020.04.27-15.59.45:161][  0]LogTexture: Display: Building textures: LQ_Lightmap_1_5 (DXT1, 128X128)
[2020.04.27-15.59.45:162][  0]LogTexture: Display: Building textures: LQ_Lightmap_1_6 (DXT1, 64X64)
[2020.04.27-15.59.45:162][  0]LogTexture: Display: Building textures: SkyOcclusion1_1 (AutoDXT, 2048X1024)
[2020.04.27-15.59.45:162][  0]LogTexture: Display: Building textures: SkyOcclusion1_2 (AutoDXT, 2048X1024)
[2020.04.27-15.59.45:162][  0]LogTexture: Display: Building textures: SkyOcclusion1_3 (AutoDXT, 2048X1024)
[2020.04.27-15.59.45:162][  0]LogTexture: Display: Building textures: SkyOcclusion1_4 (AutoDXT, 2048X1024)
[2020.04.27-15.59.45:162][  0]LogTexture: Display: Building textures: SkyOcclusion1_5 (AutoDXT, 128X64)
[2020.04.27-15.59.45:162][  0]LogTexture: Display: Building textures: SkyOcclusion1_6 (AutoDXT, 64X32)
[2020.04.27-15.59.45:166][  0]LogAIModule: Creating AISystem for world FirstPersonExampleMap
[2020.04.27-15.59.45:198][  0]LogEditorServer: Finished looking for orphan Actors (0.000 secs)
[2020.04.27-15.59.45:228][  0]LogUObjectHash: Compacting FUObjectHashTables data took   2.61ms
[2020.04.27-15.59.45:228][  0]Cmd: MAP CHECKDEP NOCLEARLOG
[2020.04.27-15.59.45:229][  0]MapCheck: Map check complete: 0 Error(s), 0 Warning(s), took 0.24ms to complete.
[2020.04.27-15.59.45:229][  0]LogFileHelpers: Loading map 'FirstPersonExampleMap' took 5.961
[2020.04.27-15.59.45:407][  0]LogSlate: Updating window title bar state: overlay mode, drag disabled, window buttons hidden, title bar hidden
[2020.04.27-15.59.45:415][  0]LogSlate: Updating window title bar state: overlay mode, drag disabled, window buttons hidden, title bar hidden
[2020.04.27-15.59.45:423][  0]LogSlate: Updating window title bar state: overlay mode, drag disabled, window buttons hidden, title bar hidden
[2020.04.27-15.59.45:431][  0]LogSlate: Updating window title bar state: overlay mode, drag disabled, window buttons hidden, title bar hidden
[2020.04.27-15.59.45:448][  0]LogCollectionManager: Loaded 0 collections in 0.006050 seconds
[2020.04.27-15.59.45:459][  0]LogFileCache: Scanning file cache for directory 'C:/Users/Sergio/Documents/GitHub/FirstShooterGame/ProyectoComunShooter/Saved/Collections/' took 0.00s
[2020.04.27-15.59.45:459][  0]LogFileCache: Scanning file cache for directory 'C:/Users/Sergio/Documents/GitHub/FirstShooterGame/ProyectoComunShooter/Content/Developers/Sergio/Collections/' took 0.00s
[2020.04.27-15.59.45:459][  0]LogFileCache: Scanning file cache for directory 'C:/Users/Sergio/Documents/GitHub/FirstShooterGame/ProyectoComunShooter/Content/Collections/' took 0.00s
[2020.04.27-15.59.45:459][  0]LogCollectionManager: Rebuilt the GUID cache for 0 collections in 0.000002 seconds
[2020.04.27-15.59.45:467][  0]LogContentBrowser: Native class hierarchy populated in 0.0084 seconds. Added 2863 classes and 680 folders.
[2020.04.27-15.59.45:484][  0]LogContentBrowser: Native class hierarchy updated for 'WidgetCarousel' in 0.0003 seconds. Added 0 classes and 0 folders.
[2020.04.27-15.59.45:654][  0]LogContentBrowser: Native class hierarchy updated for 'AddContentDialog' in 0.0002 seconds. Added 0 classes and 0 folders.
[2020.04.27-15.59.45:665][  0]LogContentBrowser: Native class hierarchy updated for 'SceneOutliner' in 0.0003 seconds. Added 1 classes and 2 folders.
[2020.04.27-15.59.45:684][  0]LogSlate: Took 0.000411 seconds to synchronously load lazily loaded font '../../../Engine/Content/Slate/Fonts/Roboto-Regular.ttf' (155K)
[2020.04.27-15.59.45:686][  0]LogSlate: Took 0.000362 seconds to synchronously load lazily loaded font '../../../Engine/Content/Slate/Fonts/Roboto-Bold.ttf' (160K)
[2020.04.27-15.59.45:691][  0]LogSlate: Took 0.000464 seconds to synchronously load lazily loaded font '../../../Engine/Content/Editor/Slate/Fonts/FontAwesome.ttf' (139K)
[2020.04.27-15.59.45:781][  0]LogRenderer: Reallocating scene render targets to support 1208x572 Format 10 NumSamples 1 (Frame:1).
[2020.04.27-15.59.45:961][  0]LogContentBrowser: Native class hierarchy updated for 'HierarchicalLODOutliner' in 0.0003 seconds. Added 0 classes and 0 folders.
[2020.04.27-15.59.45:961][  0]LogLoad: (Engine Initialization) Total time: 21.51 seconds
[2020.04.27-15.59.45:961][  0]LogLoad: (Engine Initialization) Total Blueprint compile time: 0.00 seconds
[2020.04.27-15.59.46:052][  0]LogContentStreaming: Texture pool size now 1000 MB
[2020.04.27-15.59.46:065][  0]LogSlate: Took 0.000419 seconds to synchronously load lazily loaded font '../../../Engine/Content/Slate/Fonts/Roboto-Light.ttf' (167K)
[2020.04.27-15.59.48:000][160]LogAssetRegistry: Asset discovery search completed in 14.9771 seconds
[2020.04.27-15.59.48:004][160]LogCollectionManager: Rebuilt the object cache for 0 collections in 0.000007 seconds (found 0 objects)
[2020.04.27-15.59.48:004][160]LogCollectionManager: Fixed up redirectors for 0 collections in 0.000069 seconds (updated 0 objects)
[2020.04.27-15.59.54:708][180]LogEditorViewport: Clicking on Actor (context menu): BP_Sky_Sphere_C (SkySphereBlueprint)
[2020.04.27-15.59.54:923][180]LogSlate: FSceneViewport::OnFocusLost() reason 5
[2020.04.27-16.00.04:829][230]LogSlate: FSceneViewport::OnFocusLost() reason 0
[2020.04.27-16.00.04:930][239]LogActorFactory: Actor Factory created Cube
[2020.04.27-16.00.05:785][314]LogActorFactory: Actor Factory created Cube
[2020.04.27-16.00.08:706][573]LogSlate: FSceneViewport::OnFocusLost() reason 0
[2020.04.27-16.00.14:199][132]LogSlate: FSceneViewport::OnFocusLost() reason 0
[2020.04.27-16.00.15:886][295]MapCheck: New page: Map Check
[2020.04.27-16.00.15:908][295]Cmd: MAP REBUILD ALLVISIBLE
[2020.04.27-16.00.15:908][295]LogEditorServer: Rebuildmap Clear paths rebuilt
[2020.04.27-16.00.15:925][295]LogWorld: UWorld::CleanupWorld for FirstPersonExampleMap, bSessionEnded=true, bCleanupResources=false
[2020.04.27-16.00.15:941][295]LightingResults: New page: Lighting Build - Apr 27, 2020, 8:00:15 PM
[2020.04.27-16.00.15:989][295]LogSwarmInterface: [OpenConnection] Registering TCP channel ...
[2020.04.27-16.00.16:120][295]LogSwarmInterface: [OpenConnection] Connecting to agent ...
[2020.04.27-16.00.16:136][295]LogSwarmInterface: [TryOpenConnection] Testing the Agent
[2020.04.27-16.00.17:151][295]LogSwarmInterface: [TryOpenConnection] Opening Connection to Agent
[2020.04.27-16.00.17:152][295]LogSwarmInterface: [TryOpenConnection] Local Process ID is 1784
[2020.04.27-16.00.19:493][295]LogStaticLightingSystem: Running Lightmass w/ ImmediateImport mode ENABLED
[2020.04.27-16.00.19:493][295]LogStaticLightingSystem: Running Lightmass w/ ImmediateProcess mode ENABLED
[2020.04.27-16.00.19:493][295]LogStaticLightingSystem: Running Lightmass w/ Sorting mode ENABLED
[2020.04.27-16.00.19:493][295]LogStaticLightingSystem: Running Lightmass w/ Mapping paddings ENABLED
[2020.04.27-16.00.19:493][295]LogStaticLightingSystem: Running Lightmass w/ Mapping debug paddings DISABLED
[2020.04.27-16.00.19:741][295]LogEditorBuildUtils: Build time 0:03
[2020.04.27-16.00.19:860][298]LogUObjectHash: Compacting FUObjectHashTables data took   1.85ms
[2020.04.27-16.00.46:320][389]LogEditorSessionSummary: EditorSessionSummary sent report. Type=Shutdown, SessionId={C0A0E970-4936-8FA1-24CB-5AA44330DEF0}
[2020.04.27-16.01.59:034][407]Job is a success!
[2020.04.27-16.01.59:503][408]LogSlate: Took 0.022994 seconds to synchronously load lazily loaded font '../../../Engine/Content/Slate/Fonts/Roboto-Light.ttf' (167K)
[2020.04.27-16.01.59:744][408]LogVolumetricLightmapImport: Imported Volumetric Lightmap in 0.054s
[2020.04.27-16.01.59:744][408]LogVolumetricLightmapImport:      Indirection Texture 16x16x16 = 0.0Mb
[2020.04.27-16.01.59:744][408]LogVolumetricLightmapImport:      BrickData 340x5x5 = 0.3Mb (trimmed 0.0Mb due to 0.010000 MinBrickError)
[2020.04.27-16.01.59:744][408]LogVolumetricLightmapImport:      Bricks at Level
[2020.04.27-16.01.59:744][408]LogVolumetricLightmapImport:          0: 1.5% covering 100.0% of volume
[2020.04.27-16.01.59:744][408]LogVolumetricLightmapImport:          1: 5.9% covering 6.3% of volume
[2020.04.27-16.01.59:744][408]LogVolumetricLightmapImport:          2: 92.6% covering 1.5% of volume
[2020.04.27-16.02.06:043][408]LogTexture: Display: Building textures: SkyOcclusion0_1 (AutoDXT, 2048X1024)
[2020.04.27-16.02.06:043][408]LogTexture: Display: Building textures: HQ_Lightmap0_1 (AutoDXT, 2048X2048)
[2020.04.27-16.02.06:043][408]LogTexture: Display: Building textures: LQ_Lightmap_0_1 (DXT1, 2048X2048)
[2020.04.27-16.02.06:044][408]LogTexture: Display: Building textures: SkyOcclusion0_2 (AutoDXT, 2048X1024)
[2020.04.27-16.02.06:044][408]LogTexture: Display: Building textures: HQ_Lightmap0_2 (AutoDXT, 2048X2048)
[2020.04.27-16.02.06:044][408]LogTexture: Display: Building textures: LQ_Lightmap_0_2 (DXT1, 2048X2048)
[2020.04.27-16.02.06:044][408]LogTexture: Display: Building textures: SkyOcclusion0_3 (AutoDXT, 2048X1024)
[2020.04.27-16.02.06:044][408]LogTexture: Display: Building textures: HQ_Lightmap0_3 (AutoDXT, 2048X2048)
[2020.04.27-16.02.06:044][408]LogTexture: Display: Building textures: LQ_Lightmap_0_3 (DXT1, 2048X2048)
[2020.04.27-16.02.06:044][408]LogTexture: Display: Building textures: SkyOcclusion0_4 (AutoDXT, 2048X1024)
[2020.04.27-16.02.06:044][408]LogTexture: Display: Building textures: HQ_Lightmap0_4 (AutoDXT, 2048X2048)
[2020.04.27-16.02.06:044][408]LogTexture: Display: Building textures: LQ_Lightmap_0_4 (DXT1, 2048X2048)
[2020.04.27-16.02.06:044][408]LogTexture: Display: Building textures: SkyOcclusion0_5 (AutoDXT, 128X64)
[2020.04.27-16.02.06:044][408]LogTexture: Display: Building textures: HQ_Lightmap0_5 (AutoDXT, 128X128)
[2020.04.27-16.02.06:044][408]LogTexture: Display: Building textures: LQ_Lightmap_0_5 (DXT1, 128X128)
[2020.04.27-16.02.06:044][408]LogTexture: Display: Building textures: SkyOcclusion0_6 (AutoDXT, 64X32)
[2020.04.27-16.02.06:044][408]LogTexture: Display: Building textures: HQ_Lightmap0_6 (AutoDXT, 64X64)
[2020.04.27-16.02.06:044][408]LogTexture: Display: Building textures: LQ_Lightmap_0_6 (DXT1, 64X64)
[2020.04.27-16.02.06:444][408]LogTexture: Display: Building textures: ShadowMapTexture2D_2 (G8, 1024X1024)
[2020.04.27-16.02.06:444][408]LogTexture: Display: Building textures: ShadowMapTexture2D_1 (G8, 1024X1024)
[2020.04.27-16.02.06:444][408]LogTexture: Display: Building textures: ShadowMapTexture2D_0 (G8, 1024X1024)
[2020.04.27-16.02.06:644][408]LogTexture: Display: Building textures: ShadowMapTexture2D_5 (G8, 1024X1024)
[2020.04.27-16.02.06:644][408]LogTexture: Display: Building textures: ShadowMapTexture2D_3 (G8, 1024X1024)
[2020.04.27-16.02.06:644][408]LogTexture: Display: Building textures: ShadowMapTexture2D_8 (G8, 128X64)
[2020.04.27-16.02.06:644][408]LogTexture: Display: Building textures: ShadowMapTexture2D_9 (G8, 32X32)
[2020.04.27-16.02.06:644][408]LogTexture: Display: Building textures: ShadowMapTexture2D_7 (G8, 1024X64)
[2020.04.27-16.02.06:644][408]LogTexture: Display: Building textures: ShadowMapTexture2D_4 (G8, 1024X1024)
[2020.04.27-16.02.06:790][408]LogTexture: Display: Building textures: ShadowMapTexture2D_6 (G8, 1024X1024)
[2020.04.27-16.02.07:528][408]Lightmass on OPTIMUSGAMING: 1:46 min total, 347 ms importing, 10 ms setup, 15.1 sec photons, 1:30 min processing, 0 ms extra exporting [59/59 mappings]. Threads: 6:01 min total, 3:11 min processing.
[2020.04.27-16.02.07:538][408]LogStaticLightingSystem: FirstPersonExampleMap_BuiltData storing lightmap data for 18 meshes in 10 LightmapResourceClusters (1.8 Meshes per cluster).
[2020.04.27-16.02.07:582][408]LogUObjectHash: Compacting FUObjectHashTables data took   1.85ms
[2020.04.27-16.02.07:614][408]LogStaticLightingSystem: Illumination: 1:51 min (5.86 sec encoding lightmaps, 715 ms encoding shadowmaps)
[2020.04.27-16.02.07:614][408]LogStaticLightingSystem: Lightmap texture memory:  42.7 MB (42.7 MB streaming, 0.0 MB non-streaming), 12 textures
[2020.04.27-16.02.07:614][408]LogStaticLightingSystem: Shadowmap texture memory: 9.4 MB (9.4 MB streaming, 0.0 MB non-streaming), 10 textures
[2020.04.27-16.02.08:636][408]DumpUnbuiltLightIteractions
[2020.04.27-16.02.08:636][408]Lights with unbuilt interactions: 0
[2020.04.27-16.02.08:636][408]
[2020.04.27-16.02.08:636][408]Primitives with unbuilt interactions: 0
[2020.04.27-16.02.08:723][409]Cmd: MAP CHECK NOTIFYRESULTS
[2020.04.27-16.02.08:723][409]MapCheck: New page: FirstPersonExampleMap - Apr 27, 2020, 8:02:08 PM
[2020.04.27-16.02.08:791][409]MapCheck: Map check complete: 0 Error(s), 0 Warning(s), took 68.284ms to complete.
[2020.04.27-16.07.45:985][718]LogEditorSessionSummary: EditorSessionSummary sent report. Type=Shutdown, SessionId={CDA12CE6-4AA7-717E-4641-9FB5950E228F}
[2020.04.27-16.09.55:638][798]LogUObjectHash: Compacting FUObjectHashTables data took   2.11ms
[2020.04.27-16.09.56:943][798]LogSavePackage: Moving 'C:/Users/Sergio/Documents/GitHub/FirstShooterGame/ProyectoComunShooter/Saved/FirstPersonExampleMap_Auto1B881CC3242EF605B84EDA2A758E345A8.tmp' to 'C:/Users/Sergio/Documents/GitHub/FirstShooterGame/ProyectoComunShooter/Saved/Autosaves/Game/FirstPersonBP/Maps/FirstPersonExampleMap_Auto1.umap'
[2020.04.27-16.09.57:063][798]LogFileHelpers: Editor autosave (incl. sublevels) for '/Game/FirstPersonBP/Maps/FirstPersonExampleMap' took 1.486
[2020.04.27-16.09.57:063][798]LogFileHelpers: Editor autosave (incl. sublevels) for all levels took 1.486
[2020.04.27-16.10.01:799][338]LogUObjectHash: Compacting FUObjectHashTables data took   2.20ms
[2020.04.27-16.10.04:022][338]LogSlate: Window 'Save Content' being destroyed
[2020.04.27-16.10.04:118][338]LogUObjectHash: Compacting FUObjectHashTables data took   0.66ms
[2020.04.27-16.10.04:285][338]LogSavePackage: Moving 'C:/Users/Sergio/Documents/GitHub/FirstShooterGame/ProyectoComunShooter/Saved/FirstPersonExampleMap9AE8F01F4AF6167E7677858F8CEF04DA.tmp' to 'C:/Users/Sergio/Documents/GitHub/FirstShooterGame/ProyectoComunShooter/Content/FirstPersonBP/Maps/FirstPersonExampleMap.umap'
[2020.04.27-16.10.04:336][338]LogFileHelpers: Saving map 'FirstPersonExampleMap' took 0.243
[2020.04.27-16.10.05:416][338]LogSavePackage: Moving 'C:/Users/Sergio/Documents/GitHub/FirstShooterGame/ProyectoComunShooter/Saved/FirstPersonExampleMap_BuiltData030D4CC34C6F0747AF952D8BEB68E9CE.tmp' to 'C:/Users/Sergio/Documents/GitHub/FirstShooterGame/ProyectoComunShooter/Content/FirstPersonBP/Maps/FirstPersonExampleMap_BuiltData.uasset'
[2020.04.27-16.10.08:571][698]LogUObjectHash: Compacting FUObjectHashTables data took   1.96ms
[2020.04.27-16.10.08:698][698]LogSlate: Window 'ProyectoComunShooter - Unreal Editor' being destroyed
[2020.04.27-16.10.09:225][699]Cmd: QUIT_EDITOR
[2020.04.27-16.10.10:155][699]LogWindowsTextInputMethodSystem: Display: IME system now deactivated.
[2020.04.27-16.10.10:244][699]LogExit: Preparing to exit.
[2020.04.27-16.10.11:221][699]LogWorld: UWorld::CleanupWorld for World_0, bSessionEnded=true, bCleanupResources=true
[2020.04.27-16.10.11:237][699]LogWorld: UWorld::CleanupWorld for World_1, bSessionEnded=true, bCleanupResources=true
[2020.04.27-16.10.11:405][699]LogDemo: Cleaned up 0 splitscreen connections with owner deletion
[2020.04.27-16.10.11:616][699]LogWorld: UWorld::CleanupWorld for None, bSessionEnded=true, bCleanupResources=true
[2020.04.27-16.10.11:617][699]LogExit: Editor shut down
[2020.04.27-16.10.11:617][699]LogExit: Transaction tracking system shut down
[2020.04.27-16.10.13:876][699]LogExit: Object subsystem successfully closed.
[2020.04.27-16.10.14:105][699]LogShaderCompilers: Display: Shaders left to compile 0
[2020.04.27-16.10.15:647][699]LogModuleManager: Shutting down and abandoning module HierarchicalLODOutliner (668)
[2020.04.27-16.10.15:647][699]LogModuleManager: Shutting down and abandoning module SceneOutliner (666)
[2020.04.27-16.10.15:647][699]LogModuleManager: Shutting down and abandoning module AddContentDialog (664)
[2020.04.27-16.10.15:655][699]LogModuleManager: Shutting down and abandoning module WidgetCarousel (663)
[2020.04.27-16.10.15:655][699]LogModuleManager: Shutting down and abandoning module EditorWidgets (660)
[2020.04.27-16.10.15:655][699]LogModuleManager: Shutting down and abandoning module CollectionManager (658)
[2020.04.27-16.10.15:675][699]LogModuleManager: Shutting down and abandoning module StatsViewer (656)
[2020.04.27-16.10.15:689][699]LogModuleManager: Shutting down and abandoning module VirtualTexturingEditor (654)
[2020.04.27-16.10.15:689][699]LogModuleManager: Shutting down and abandoning module FoliageEdit (652)
[2020.04.27-16.10.15:714][699]LogModuleManager: Shutting down and abandoning module LandscapeEditor (650)
[2020.04.27-16.10.15:745][699]LogModuleManager: Shutting down and abandoning module MeshPaintMode (648)
[2020.04.27-16.10.15:745][699]LogModuleManager: Shutting down and abandoning module SceneDepthPickerMode (646)
[2020.04.27-16.10.15:745][699]LogModuleManager: Shutting down and abandoning module ActorPickerMode (644)
[2020.04.27-16.10.15:745][699]LogModuleManager: Shutting down and abandoning module GeometryMode (642)
[2020.04.27-16.10.15:752][699]LogModuleManager: Shutting down and abandoning module TextureAlignMode (640)
[2020.04.27-16.10.15:752][699]LogModuleManager: Shutting down and abandoning module BspMode (638)
[2020.04.27-16.10.15:752][699]LogModuleManager: Shutting down and abandoning module PIEPreviewDeviceProfileSelector (636)
[2020.04.27-16.10.15:771][699]LogModuleManager: Shutting down and abandoning module SequenceRecorderSections (634)
[2020.04.27-16.10.15:782][699]LogModuleManager: Shutting down and abandoning module AutomationWorker (632)
[2020.04.27-16.10.15:783][699]LogModuleManager: Shutting down and abandoning module OculusMR (630)
[2020.04.27-16.10.15:783][699]LogModuleManager: Shutting down and abandoning module AudioCaptureEditor (628)
[2020.04.27-16.10.15:796][699]LogModuleManager: Shutting down and abandoning module MatineeToLevelSequence (626)
[2020.04.27-16.10.15:819][699]LogModuleManager: Shutting down and abandoning module LevelSequenceEditor (624)
[2020.04.27-16.10.15:910][699]LogModuleManager: Shutting down and abandoning module PlacementMode (623)
[2020.04.27-16.10.15:910][699]LogModuleManager: Shutting down and abandoning module MaterialEditor (622)
[2020.04.27-16.10.15:938][699]LogModuleManager: Shutting down and abandoning module ActorSequenceEditor (618)
[2020.04.27-16.10.15:953][699]LogModuleManager: Shutting down and abandoning module WmfMediaFactory (616)
[2020.04.27-16.10.15:953][699]LogModuleManager: Shutting down and abandoning module WmfMediaEditor (614)
[2020.04.27-16.10.15:953][699]LogModuleManager: Shutting down and abandoning module WebMMediaFactory (612)
[2020.04.27-16.10.15:953][699]LogModuleManager: Shutting down and abandoning module WebMMediaEditor (610)
[2020.04.27-16.10.15:953][699]LogModuleManager: Shutting down and abandoning module WebMMedia (608)
[2020.04.27-16.10.15:959][699]LogModuleManager: Shutting down and abandoning module MediaPlayerEditor (606)
[2020.04.27-16.10.15:985][699]LogModuleManager: Shutting down and abandoning module MediaCompositingEditor (604)
[2020.04.27-16.10.16:035][699]LogModuleManager: Shutting down and abandoning module SequenceRecorder (603)
[2020.04.27-16.10.16:036][699]LogModuleManager: Shutting down and abandoning module OpenExrWrapper (600)
[2020.04.27-16.10.16:036][699]LogModuleManager: Shutting down and abandoning module ImgMediaFactory (598)
[2020.04.27-16.10.16:036][699]LogModuleManager: Shutting down and abandoning module ImgMediaEditor (596)
[2020.04.27-16.10.16:036][699]LogModuleManager: Shutting down and abandoning module AvfMediaFactory (594)
[2020.04.27-16.10.16:036][699]LogModuleManager: Shutting down and abandoning module AvfMediaEditor (592)
[2020.04.27-16.10.16:036][699]LogModuleManager: Shutting down and abandoning module AndroidMediaFactory (590)
[2020.04.27-16.10.16:036][699]LogModuleManager: Shutting down and abandoning module AndroidMediaEditor (588)
[2020.04.27-16.10.16:036][699]LogModuleManager: Shutting down and abandoning module MagicLeapCameraPreviewFactory (586)
[2020.04.27-16.10.16:036][699]LogModuleManager: Shutting down and abandoning module MagicLeapMediaCodecFactory (584)
[2020.04.27-16.10.16:036][699]LogModuleManager: Shutting down and abandoning module MagicLeapMediaFactory (582)
[2020.04.27-16.10.16:036][699]LogModuleManager: Shutting down and abandoning module MagicLeapMediaEditor (580)
[2020.04.27-16.10.16:036][699]LogModuleManager: Shutting down and abandoning module CharacterAI (578)
[2020.04.27-16.10.16:036][699]LogModuleManager: Shutting down and abandoning module SmartSnapping (576)
[2020.04.27-16.10.16:036][699]LogModuleManager: Shutting down and abandoning module SessionServices (574)
[2020.04.27-16.10.16:036][699]LogModuleManager: Shutting down and abandoning module MeshPaint (572)
[2020.04.27-16.10.16:061][699]LogModuleManager: Shutting down and abandoning module ViewportSnapping (570)
[2020.04.27-16.10.16:061][699]LogModuleManager: Shutting down and abandoning module ViewportInteraction (568)
[2020.04.27-16.10.16:061][699]LogModuleManager: Shutting down and abandoning module ClothPainter (566)
[2020.04.27-16.10.16:079][699]LogModuleManager: Shutting down and abandoning module SkeletalMeshEditor (565)
[2020.04.27-16.10.16:110][699]LogModuleManager: Shutting down and abandoning module LogVisualizer (562)
[2020.04.27-16.10.16:132][699]LogModuleManager: Shutting down and abandoning module IntroTutorials (560)
[2020.04.27-16.10.16:132][699]LogModuleManager: Shutting down and abandoning module GameProjectGeneration (559)
[2020.04.27-16.10.16:141][699]LogModuleManager: Shutting down and abandoning module LuminPlatformEditor (556)
[2020.04.27-16.10.16:141][699]LogModuleManager: Shutting down and abandoning module IOSPlatformEditor (554)
[2020.04.27-16.10.16:144][699]LogModuleManager: Shutting down and abandoning module HTML5PlatformEditor (552)
[2020.04.27-16.10.16:144][699]LogModuleManager: Shutting down and abandoning module AndroidPlatformEditor (550)
[2020.04.27-16.10.16:144][699]LogModuleManager: Shutting down and abandoning module AndroidDeviceDetection (549)
[2020.04.27-16.10.16:904][699]LogModuleManager: Shutting down and abandoning module WindowsPlatformEditor (546)
[2020.04.27-16.10.16:905][699]LogModuleManager: Shutting down and abandoning module LuminRuntimeSettings (544)
[2020.04.27-16.10.16:905][699]LogModuleManager: Shutting down and abandoning module IOSRuntimeSettings (542)
[2020.04.27-16.10.16:905][699]LogModuleManager: Shutting down and abandoning module AndroidRuntimeSettings (540)
[2020.04.27-16.10.16:905][699]LogModuleManager: Shutting down and abandoning module TimeManagementEditor (538)
[2020.04.27-16.10.16:905][699]LogModuleManager: Shutting down and abandoning module InputBindingEditor (536)
[2020.04.27-16.10.16:941][699]LogModuleManager: Shutting down and abandoning module MergeActors (534)
[2020.04.27-16.10.16:952][699]LogModuleManager: Shutting down and abandoning module LocalizationDashboard (532)
