Log file open, 04/29/20 02:13:32
LogWindows: Failed to load 'aqProf.dll' (GetLastError=126)
LogWindows: File 'aqProf.dll' does not exist
LogWindows: Failed to load 'VtuneApi.dll' (GetLastError=126)
LogWindows: File 'VtuneApi.dll' does not exist
LogWindows: Failed to load 'VtuneApi32e.dll' (GetLastError=126)
LogWindows: File 'VtuneApi32e.dll' does not exist
LogConsoleResponse: Display: Failed to find resolution value strings in scalability ini. Falling back to default.
LogInit: Display: Running engine for game: ProyectoComunShooter
LogPlatformFile: Not using cached read wrapper
LogTaskGraph: Started task graph with 5 named threads and 14 total threads with 3 sets of task threads.
LogStats: Stats thread started at 0.168097
LogD3D11RHI: Loaded GFSDK_Aftermath_Lib.x64.dll
LogICUInternationalization: ICU TimeZone Detection - Raw Offset: +1:00, Platform Override: ''
LogPluginManager: Mounting plugin Paper2D
LogPluginManager: Mounting plugin AISupport
LogPluginManager: Mounting plugin LightPropagationVolume
LogPluginManager: Mounting plugin ActorLayerUtilities
LogPluginManager: Mounting plugin AnimationSharing
LogPluginManager: Mounting plugin CLionSourceCodeAccess
LogPluginManager: Mounting plugin CodeLiteSourceCodeAccess
LogPluginManager: Mounting plugin GitSourceControl
LogPluginManager: Mounting plugin KDevelopSourceCodeAccess
LogPluginManager: Mounting plugin NullSourceCodeAccess
LogPluginManager: Mounting plugin PerforceSourceControl
LogPluginManager: Mounting plugin SubversionSourceControl
LogPluginManager: Mounting plugin UObjectPlugin
LogPluginManager: Mounting plugin VisualStudioCodeSourceCodeAccess
LogPluginManager: Mounting plugin VisualStudioSourceCodeAccess
LogPluginManager: Mounting plugin XCodeSourceCodeAccess
LogPluginManager: Mounting plugin AssetManagerEditor
LogPluginManager: Mounting plugin CryptoKeys
LogPluginManager: Mounting plugin CurveEditorTools
LogPluginManager: Mounting plugin DataValidation
LogPluginManager: Mounting plugin FacialAnimation
LogPluginManager: Mounting plugin GameplayTagsEditor
LogPluginManager: Mounting plugin MacGraphicsSwitching
LogPluginManager: Mounting plugin MaterialAnalyzer
LogPluginManager: Mounting plugin MobileLauncherProfileWizard
LogPluginManager: Mounting plugin PluginBrowser
LogPluginManager: Mounting plugin SpeedTreeImporter
LogPluginManager: Mounting plugin DatasmithContent
LogPluginManager: Mounting plugin VariantManagerContent
LogPluginManager: Mounting plugin AlembicImporter
LogPluginManager: Mounting plugin AutomationUtils
LogPluginManager: Mounting plugin BackChannel
LogPluginManager: Mounting plugin CharacterAI
LogPluginManager: Mounting plugin GeometryCache
LogPluginManager: Mounting plugin HTML5Networking
LogPluginManager: Mounting plugin PlatformCrypto
LogPluginManager: Mounting plugin ProxyLODPlugin
LogPluginManager: Mounting plugin SkeletalReduction
LogPluginManager: Mounting plugin MagicLeap
LogPluginManager: Mounting plugin MagicLeapMedia
LogPluginManager: Mounting plugin AndroidMedia
LogPluginManager: Mounting plugin AvfMedia
LogPluginManager: Mounting plugin ImgMedia
LogPluginManager: Mounting plugin MediaCompositing
LogPluginManager: Mounting plugin MediaPlayerEditor
LogPluginManager: Mounting plugin WebMMedia
LogPluginManager: Mounting plugin WmfMedia
LogPluginManager: Mounting plugin TcpMessaging
LogPluginManager: Mounting plugin UdpMessaging
LogPluginManager: Mounting plugin ActorSequence
LogPluginManager: Mounting plugin LevelSequenceEditor
LogPluginManager: Mounting plugin MatineeToLevelSequence
LogPluginManager: Mounting plugin NetcodeUnitTest
LogPluginManager: Mounting plugin NUTUnrealEngine4
LogPluginManager: Mounting plugin OnlineSubsystemGooglePlay
LogPluginManager: Mounting plugin OnlineSubsystemIOS
LogPluginManager: Mounting plugin OnlineSubsystem
LogPluginManager: Mounting plugin OnlineSubsystemNull
LogPluginManager: Mounting plugin OnlineSubsystemUtils
LogPluginManager: Mounting plugin LauncherChunkInstaller
LogPluginManager: Mounting plugin AndroidDeviceProfileSelector
LogPluginManager: Mounting plugin AndroidMoviePlayer
LogPluginManager: Mounting plugin AndroidPermission
LogPluginManager: Mounting plugin AppleImageUtils
LogPluginManager: Mounting plugin AppleMoviePlayer
LogPluginManager: Mounting plugin ArchVisCharacter
LogPluginManager: Mounting plugin AudioCapture
LogPluginManager: Mounting plugin CableComponent
LogPluginManager: Mounting plugin CustomMeshComponent
LogPluginManager: Mounting plugin EditableMesh
LogPluginManager: Mounting plugin ExampleDeviceProfileSelector
LogPluginManager: Mounting plugin GoogleCloudMessaging
LogPluginManager: Mounting plugin IOSDeviceProfileSelector
LogPluginManager: Mounting plugin LinuxDeviceProfileSelector
LogPluginManager: Mounting plugin LocationServicesBPLibrary
LogPluginManager: Mounting plugin MobilePatchingUtils
LogPluginManager: Mounting plugin OculusVR
LogPluginManager: Mounting plugin PhysXVehicles
LogPluginManager: Mounting plugin ProceduralMeshComponent
LogPluginManager: Mounting plugin RuntimePhysXCooking
LogPluginManager: Mounting plugin SignificanceManager
LogPluginManager: Mounting plugin SteamVR
LogPluginManager: Mounting plugin WebMMoviePlayer
LogPluginManager: Mounting plugin WindowsMoviePlayer
LogPluginManager: Mounting plugin ScreenshotTools
LogInit: Using libcurl 7.55.1-DEV
LogInit:  - built for x86_64-pc-win32
LogInit:  - supports SSL with OpenSSL/1.1.1
LogInit:  - supports HTTP deflate (compression) using libz 1.2.8
LogInit:  - other features:
LogInit:      CURL_VERSION_SSL
LogInit:      CURL_VERSION_LIBZ
LogInit:      CURL_VERSION_IPV6
LogInit:      CURL_VERSION_ASYNCHDNS
LogInit:      CURL_VERSION_LARGEFILE
LogInit:      CURL_VERSION_IDN
LogInit:  CurlRequestOptions (configurable via config and command line):
LogInit:  - bVerifyPeer = true  - Libcurl will verify peer certificate
LogInit:  - bUseHttpProxy = false  - Libcurl will NOT use HTTP proxy
LogInit:  - bDontReuseConnections = false  - Libcurl will reuse connections
LogInit:  - MaxHostConnections = 16  - Libcurl will limit the number of connections to a host
LogInit:  - LocalHostAddr = Default
LogInit:  - BufferSize = 65536
LogOnline: OSS: Creating online subsystem instance for: NULL
LogInit: WinSock: version 1.1 (2.2), MaxSocks=32767, MaxUdp=65467
LogInit: Build: ++UE4+Release-4.23-CL-9631420
LogInit: Engine Version: 4.23.1-9631420+++UE4+Release-4.23
LogInit: Compatible Engine Version: 4.23.0-8386587+++UE4+Release-4.23
LogInit: Net CL: 8386587
LogInit: OS: Windows 10 (Release 1809) (), CPU: Intel(R) Core(TM) i5-4460  CPU @ 3.20GHz, GPU: AMD Radeon (TM) R9 380 Series
LogInit: Compiled (64-bit): Oct 18 2019 02:07:44
LogInit: Compiled with Visual C++: 19.16.27030.01
LogInit: Build Configuration: Development
LogInit: Branch Name: ++UE4+Release-4.23
LogInit: Command Line: 
LogInit: Base Directory: D:/Epic Games/UE_4.23/Engine/Binaries/Win64/
LogInit: Installed Engine Build: 1
LogDevObjectVersion: Number of dev versions registered: 23
LogDevObjectVersion:   Dev-Blueprints (B0D832E4-1F89-4F0D-ACCF-7EB736FD4AA2): 10
LogDevObjectVersion:   Dev-Build (E1C64328-A22C-4D53-A36C-8E866417BD8C): 0
LogDevObjectVersion:   Dev-Core (375EC13C-06E4-48FB-B500-84F0262A717E): 3
LogDevObjectVersion:   Dev-Editor (E4B068ED-F494-42E9-A231-DA0B2E46BB41): 34
LogDevObjectVersion:   Dev-Framework (CFFC743F-43B0-4480-9391-14DF171D2073): 35
LogDevObjectVersion:   Dev-Mobile (B02B49B5-BB20-44E9-A304-32B752E40360): 2
LogDevObjectVersion:   Dev-Networking (A4E4105C-59A1-49B5-A7C5-40C4547EDFEE): 0
LogDevObjectVersion:   Dev-Online (39C831C9-5AE6-47DC-9A44-9C173E1C8E7C): 0
LogDevObjectVersion:   Dev-Physics (78F01B33-EBEA-4F98-B9B4-84EACCB95AA2): 0
LogDevObjectVersion:   Dev-Platform (6631380F-2D4D-43E0-8009-CF276956A95A): 0
LogDevObjectVersion:   Dev-Rendering (12F88B9F-8875-4AFC-A67C-D90C383ABD29): 31
LogDevObjectVersion:   Dev-Sequencer (7B5AE74C-D270-4C10-A958-57980B212A5A): 11
LogDevObjectVersion:   Dev-VR (D7296918-1DD6-4BDD-9DE2-64A83CC13884): 2
LogDevObjectVersion:   Dev-LoadTimes (C2A15278-BFE7-4AFE-6C17-90FF531DF755): 1
LogDevObjectVersion:   Private-Geometry (6EACA3D4-40EC-4CC1-B786-8BED09428FC5): 3
LogDevObjectVersion:   Dev-AnimPhys (29E575DD-E0A3-4627-9D10-D276232CDCEA): 17
LogDevObjectVersion:   Dev-Anim (AF43A65D-7FD3-4947-9873-3E8ED9C1BB05): 2
LogDevObjectVersion:   Dev-ReflectionCapture (6B266CEC-1EC7-4B8F-A30B-E4D90942FC07): 1
LogDevObjectVersion:   Dev-Automation (0DF73D61-A23F-47EA-B727-89E90C41499A): 1
LogDevObjectVersion:   FortniteMain (601D1886-AC64-4F84-AA16-D3DE0DEAC7D6): 27
LogDevObjectVersion:   Dev-Enterprise (9DFFBCD6-494F-0158-E221-12823C92A888): 6
LogDevObjectVersion:   Dev-Niagara (F2AED0AC-9AFE-416F-8664-AA7FFA26D6FC): 1
LogDevObjectVersion:   Dev-Destruction (174F1F0B-B4C6-45A5-B13F-2EE8D0FB917D): 9
LogInit: Presizing for max 16777216 objects, including 0 objects not considered by GC, pre-allocating 0 bytes for permanent pool.
LogInit: Object subsystem initialized
LogConfig: Setting CVar [[con.DebugEarlyDefault:1]]
LogConfig: Setting CVar [[r.setres:1280x720]]
[2020.04.29-00.13.34:387][  0]LogConfig: Setting CVar [[r.VSync:0]]
[2020.04.29-00.13.34:387][  0]LogConfig: Setting CVar [[r.RHICmdBypass:0]]
[2020.04.29-00.13.34:407][  0]LogConfig: Applying CVar settings from Section [/Script/Engine.RendererSettings] File [C:/Users/germa/Documents/GitHub/FirstShooterGame/ProyectoComunShooter/Saved/Config/Windows/Engine.ini]
[2020.04.29-00.13.34:407][  0]LogConfig: Setting CVar [[r.GPUCrashDebugging:0]]
[2020.04.29-00.13.34:407][  0]LogConfig: Applying CVar settings from Section [/Script/Engine.RendererOverrideSettings] File [C:/Users/germa/Documents/GitHub/FirstShooterGame/ProyectoComunShooter/Saved/Config/Windows/Engine.ini]
[2020.04.29-00.13.34:407][  0]LogConfig: Applying CVar settings from Section [/Script/Engine.StreamingSettings] File [C:/Users/germa/Documents/GitHub/FirstShooterGame/ProyectoComunShooter/Saved/Config/Windows/Engine.ini]
[2020.04.29-00.13.34:407][  0]LogConfig: Setting CVar [[s.MinBulkDataSizeForAsyncLoading:131072]]
[2020.04.29-00.13.34:407][  0]LogConfig: Setting CVar [[s.AsyncLoadingThreadEnabled:0]]
[2020.04.29-00.13.34:407][  0]LogConfig: Setting CVar [[s.EventDrivenLoaderEnabled:1]]
[2020.04.29-00.13.34:407][  0]LogConfig: Setting CVar [[s.WarnIfTimeLimitExceeded:0]]
[2020.04.29-00.13.34:407][  0]LogConfig: Setting CVar [[s.TimeLimitExceededMultiplier:1.5]]
[2020.04.29-00.13.34:407][  0]LogConfig: Setting CVar [[s.TimeLimitExceededMinTime:0.005]]
[2020.04.29-00.13.34:407][  0]LogConfig: Setting CVar [[s.UseBackgroundLevelStreaming:1]]
[2020.04.29-00.13.34:407][  0]LogConfig: Setting CVar [[s.PriorityAsyncLoadingExtraTime:15.0]]
[2020.04.29-00.13.34:407][  0]LogConfig: Setting CVar [[s.LevelStreamingActorsUpdateTimeLimit:5.0]]
[2020.04.29-00.13.34:407][  0]LogConfig: Setting CVar [[s.PriorityLevelStreamingActorsUpdateExtraTime:5.0]]
[2020.04.29-00.13.34:407][  0]LogConfig: Setting CVar [[s.LevelStreamingComponentsRegistrationGranularity:10]]
[2020.04.29-00.13.34:407][  0]LogConfig: Setting CVar [[s.UnregisterComponentsTimeLimit:1.0]]
[2020.04.29-00.13.34:407][  0]LogConfig: Setting CVar [[s.LevelStreamingComponentsUnregistrationGranularity:5]]
[2020.04.29-00.13.34:407][  0]LogConfig: Applying CVar settings from Section [/Script/Engine.GarbageCollectionSettings] File [C:/Users/germa/Documents/GitHub/FirstShooterGame/ProyectoComunShooter/Saved/Config/Windows/Engine.ini]
[2020.04.29-00.13.34:407][  0]LogConfig: Setting CVar [[gc.MaxObjectsNotConsideredByGC:1]]
[2020.04.29-00.13.34:407][  0]LogConfig: Setting CVar [[gc.SizeOfPermanentObjectPool:0]]
[2020.04.29-00.13.34:407][  0]LogConfig: Setting CVar [[gc.FlushStreamingOnGC:0]]
[2020.04.29-00.13.34:407][  0]LogConfig: Setting CVar [[gc.NumRetriesBeforeForcingGC:10]]
[2020.04.29-00.13.34:407][  0]LogConfig: Setting CVar [[gc.AllowParallelGC:1]]
[2020.04.29-00.13.34:407][  0]LogConfig: Setting CVar [[gc.TimeBetweenPurgingPendingKillObjects:61.1]]
[2020.04.29-00.13.34:407][  0]LogConfig: Setting CVar [[gc.MaxObjectsInEditor:16777216]]
[2020.04.29-00.13.34:407][  0]LogConfig: Setting CVar [[gc.IncrementalBeginDestroyEnabled:1]]
[2020.04.29-00.13.34:407][  0]LogConfig: Setting CVar [[gc.CreateGCClusters:1]]
[2020.04.29-00.13.34:407][  0]LogConfig: Setting CVar [[gc.MinGCClusterSize:5]]
[2020.04.29-00.13.34:407][  0]LogConfig: Setting CVar [[gc.ActorClusteringEnabled:0]]
[2020.04.29-00.13.34:407][  0]LogConfig: Setting CVar [[gc.BlueprintClusteringEnabled:0]]
[2020.04.29-00.13.34:407][  0]LogConfig: Setting CVar [[gc.UseDisregardForGCOnDedicatedServers:0]]
[2020.04.29-00.13.34:407][  0]LogConfig: Applying CVar settings from Section [/Script/Engine.NetworkSettings] File [C:/Users/germa/Documents/GitHub/FirstShooterGame/ProyectoComunShooter/Saved/Config/Windows/Engine.ini]
[2020.04.29-00.13.34:408][  0]LogConfig: Applying CVar settings from Section [/Script/UnrealEd.CookerSettings] File [C:/Users/germa/Documents/GitHub/FirstShooterGame/ProyectoComunShooter/Saved/Config/Windows/Engine.ini]
[2020.04.29-00.13.34:484][  0]LogConfig: Applying CVar settings from Section [ViewDistanceQuality@3] File [C:/Users/germa/Documents/GitHub/FirstShooterGame/ProyectoComunShooter/Saved/Config/Windows/Scalability.ini]
[2020.04.29-00.13.34:484][  0]LogConfig: Setting CVar [[r.SkeletalMeshLODBias:0]]
[2020.04.29-00.13.34:484][  0]LogConfig: Setting CVar [[r.ViewDistanceScale:1.0]]
[2020.04.29-00.13.34:484][  0]LogConfig: Applying CVar settings from Section [AntiAliasingQuality@3] File [C:/Users/germa/Documents/GitHub/FirstShooterGame/ProyectoComunShooter/Saved/Config/Windows/Scalability.ini]
[2020.04.29-00.13.34:484][  0]LogConfig: Setting CVar [[r.PostProcessAAQuality:4]]
[2020.04.29-00.13.34:484][  0]LogConfig: Applying CVar settings from Section [ShadowQuality@3] File [C:/Users/germa/Documents/GitHub/FirstShooterGame/ProyectoComunShooter/Saved/Config/Windows/Scalability.ini]
[2020.04.29-00.13.34:484][  0]LogConfig: Setting CVar [[r.LightFunctionQuality:1]]
[2020.04.29-00.13.34:484][  0]LogConfig: Setting CVar [[r.ShadowQuality:5]]
[2020.04.29-00.13.34:484][  0]LogConfig: Setting CVar [[r.Shadow.CSM.MaxCascades:10]]
[2020.04.29-00.13.34:484][  0]LogConfig: Setting CVar [[r.Shadow.MaxResolution:2048]]
[2020.04.29-00.13.34:484][  0]LogConfig: Setting CVar [[r.Shadow.MaxCSMResolution:2048]]
[2020.04.29-00.13.34:484][  0]LogConfig: Setting CVar [[r.Shadow.RadiusThreshold:0.01]]
[2020.04.29-00.13.34:484][  0]LogConfig: Setting CVar [[r.Shadow.DistanceScale:1.0]]
[2020.04.29-00.13.34:484][  0]LogConfig: Setting CVar [[r.Shadow.CSM.TransitionScale:1.0]]
[2020.04.29-00.13.34:484][  0]LogConfig: Setting CVar [[r.Shadow.PreShadowResolutionFactor:1.0]]
[2020.04.29-00.13.34:484][  0]LogConfig: Setting CVar [[r.DistanceFieldShadowing:1]]
[2020.04.29-00.13.34:484][  0]LogConfig: Setting CVar [[r.DistanceFieldAO:1]]
[2020.04.29-00.13.34:484][  0]LogConfig: Setting CVar [[r.AOQuality:2]]
[2020.04.29-00.13.34:484][  0]LogConfig: Setting CVar [[r.VolumetricFog:1]]
[2020.04.29-00.13.34:484][  0]LogConfig: Setting CVar [[r.VolumetricFog.GridPixelSize:8]]
[2020.04.29-00.13.34:484][  0]LogConfig: Setting CVar [[r.VolumetricFog.GridSizeZ:128]]
[2020.04.29-00.13.34:484][  0]LogConfig: Setting CVar [[r.VolumetricFog.HistoryMissSupersampleCount:4]]
[2020.04.29-00.13.34:484][  0]LogConfig: Setting CVar [[r.LightMaxDrawDistanceScale:1]]
[2020.04.29-00.13.34:484][  0]LogConfig: Setting CVar [[r.CapsuleShadows:1]]
[2020.04.29-00.13.34:484][  0]LogConfig: Applying CVar settings from Section [PostProcessQuality@3] File [C:/Users/germa/Documents/GitHub/FirstShooterGame/ProyectoComunShooter/Saved/Config/Windows/Scalability.ini]
[2020.04.29-00.13.34:484][  0]LogConfig: Setting CVar [[r.MotionBlurQuality:4]]
[2020.04.29-00.13.34:484][  0]LogConfig: Setting CVar [[r.AmbientOcclusionMipLevelFactor:0.4]]
[2020.04.29-00.13.34:484][  0]LogConfig: Setting CVar [[r.AmbientOcclusionMaxQuality:100]]
[2020.04.29-00.13.34:484][  0]LogConfig: Setting CVar [[r.AmbientOcclusionLevels:-1]]
[2020.04.29-00.13.34:484][  0]LogConfig: Setting CVar [[r.AmbientOcclusionRadiusScale:1.0]]
[2020.04.29-00.13.34:484][  0]LogConfig: Setting CVar [[r.DepthOfFieldQuality:2]]
[2020.04.29-00.13.34:484][  0]LogConfig: Setting CVar [[r.RenderTargetPoolMin:400]]
[2020.04.29-00.13.34:484][  0]LogConfig: Setting CVar [[r.LensFlareQuality:2]]
[2020.04.29-00.13.34:484][  0]LogConfig: Setting CVar [[r.SceneColorFringeQuality:1]]
[2020.04.29-00.13.34:484][  0]LogConfig: Setting CVar [[r.EyeAdaptationQuality:2]]
[2020.04.29-00.13.34:484][  0]LogConfig: Setting CVar [[r.BloomQuality:5]]
[2020.04.29-00.13.34:484][  0]LogConfig: Setting CVar [[r.FastBlurThreshold:100]]
[2020.04.29-00.13.34:485][  0]LogConfig: Setting CVar [[r.Upscale.Quality:3]]
[2020.04.29-00.13.34:485][  0]LogConfig: Setting CVar [[r.Tonemapper.GrainQuantization:1]]
[2020.04.29-00.13.34:485][  0]LogConfig: Setting CVar [[r.LightShaftQuality:1]]
[2020.04.29-00.13.34:485][  0]LogConfig: Setting CVar [[r.Filter.SizeScale:1]]
[2020.04.29-00.13.34:485][  0]LogConfig: Setting CVar [[r.Tonemapper.Quality:5]]
[2020.04.29-00.13.34:485][  0]LogConfig: Setting CVar [[r.DOF.Gather.AccumulatorQuality:1        ; higher gathering accumulator quality]]
[2020.04.29-00.13.34:485][  0]LogConfig: Setting CVar [[r.DOF.Gather.PostfilterMethod:1          ; Median3x3 postfilering method]]
[2020.04.29-00.13.34:485][  0]LogConfig: Setting CVar [[r.DOF.Gather.EnableBokehSettings:0       ; no bokeh simulation when gathering]]
[2020.04.29-00.13.34:485][  0]LogConfig: Setting CVar [[r.DOF.Gather.RingCount:4                 ; medium number of samples when gathering]]
[2020.04.29-00.13.34:485][  0]LogConfig: Setting CVar [[r.DOF.Scatter.ForegroundCompositing:1    ; additive foreground scattering]]
[2020.04.29-00.13.34:485][  0]LogConfig: Setting CVar [[r.DOF.Scatter.BackgroundCompositing:2    ; additive background scattering]]
[2020.04.29-00.13.34:485][  0]LogConfig: Setting CVar [[r.DOF.Scatter.EnableBokehSettings:1      ; bokeh simulation when scattering]]
[2020.04.29-00.13.34:485][  0]LogConfig: Setting CVar [[r.DOF.Scatter.MaxSpriteRatio:0.1         ; only a maximum of 10% of scattered bokeh]]
[2020.04.29-00.13.34:485][  0]LogConfig: Setting CVar [[r.DOF.Recombine.Quality:1                ; cheap slight out of focus]]
[2020.04.29-00.13.34:485][  0]LogConfig: Setting CVar [[r.DOF.Recombine.EnableBokehSettings:0    ; no bokeh simulation on slight out of focus]]
[2020.04.29-00.13.34:485][  0]LogConfig: Setting CVar [[r.DOF.TemporalAAQuality:1                ; more stable temporal accumulation]]
[2020.04.29-00.13.34:485][  0]LogConfig: Setting CVar [[r.DOF.Kernel.MaxForegroundRadius:0.025]]
[2020.04.29-00.13.34:485][  0]LogConfig: Setting CVar [[r.DOF.Kernel.MaxBackgroundRadius:0.025]]
[2020.04.29-00.13.34:485][  0]LogConfig: Applying CVar settings from Section [TextureQuality@3] File [C:/Users/germa/Documents/GitHub/FirstShooterGame/ProyectoComunShooter/Saved/Config/Windows/Scalability.ini]
[2020.04.29-00.13.34:485][  0]LogConfig: Setting CVar [[r.Streaming.MipBias:0]]
[2020.04.29-00.13.34:485][  0]LogConfig: Setting CVar [[r.Streaming.AmortizeCPUToGPUCopy:0]]
[2020.04.29-00.13.34:485][  0]LogConfig: Setting CVar [[r.Streaming.MaxNumTexturesToStreamPerFrame:0]]
[2020.04.29-00.13.34:485][  0]LogConfig: Setting CVar [[r.Streaming.Boost:1]]
[2020.04.29-00.13.34:485][  0]LogConfig: Setting CVar [[r.MaxAnisotropy:8]]
[2020.04.29-00.13.34:485][  0]LogConfig: Setting CVar [[r.Streaming.LimitPoolSizeToVRAM:0]]
[2020.04.29-00.13.34:485][  0]LogConfig: Setting CVar [[r.Streaming.PoolSize:1000]]
[2020.04.29-00.13.34:485][  0]LogConfig: Setting CVar [[r.Streaming.MaxEffectiveScreenSize:0]]
[2020.04.29-00.13.34:485][  0]LogConfig: Applying CVar settings from Section [EffectsQuality@3] File [C:/Users/germa/Documents/GitHub/FirstShooterGame/ProyectoComunShooter/Saved/Config/Windows/Scalability.ini]
[2020.04.29-00.13.34:485][  0]LogConfig: Setting CVar [[r.TranslucencyLightingVolumeDim:64]]
[2020.04.29-00.13.34:485][  0]LogConfig: Setting CVar [[r.RefractionQuality:2]]
[2020.04.29-00.13.34:485][  0]LogConfig: Setting CVar [[r.SSR.Quality:3]]
[2020.04.29-00.13.34:485][  0]LogConfig: Setting CVar [[r.SceneColorFormat:4]]
[2020.04.29-00.13.34:485][  0]LogConfig: Setting CVar [[r.DetailMode:2]]
[2020.04.29-00.13.34:485][  0]LogConfig: Setting CVar [[r.TranslucencyVolumeBlur:1]]
[2020.04.29-00.13.34:485][  0]LogConfig: Setting CVar [[r.MaterialQualityLevel:1 ; High quality]]
[2020.04.29-00.13.34:485][  0]LogConfig: Setting CVar [[r.SSS.Scale:1]]
[2020.04.29-00.13.34:485][  0]LogConfig: Setting CVar [[r.SSS.SampleSet:2]]
[2020.04.29-00.13.34:485][  0]LogConfig: Setting CVar [[r.SSS.Quality:1]]
[2020.04.29-00.13.34:485][  0]LogConfig: Setting CVar [[r.SSS.HalfRes:1]]
[2020.04.29-00.13.34:485][  0]LogConfig: Setting CVar [[r.EmitterSpawnRateScale:1.0]]
[2020.04.29-00.13.34:485][  0]LogConfig: Setting CVar [[r.ParticleLightQuality:2]]
[2020.04.29-00.13.34:485][  0]LogConfig: Applying CVar settings from Section [FoliageQuality@3] File [C:/Users/germa/Documents/GitHub/FirstShooterGame/ProyectoComunShooter/Saved/Config/Windows/Scalability.ini]
[2020.04.29-00.13.34:485][  0]LogConfig: Setting CVar [[foliage.DensityScale:1.0]]
[2020.04.29-00.13.34:485][  0]LogConfig: Setting CVar [[grass.DensityScale:1.0]]
[2020.04.29-00.13.34:489][  0]LogInit: Selected Device Profile: [Windows]
[2020.04.29-00.13.34:493][  0]LogInit: Applying CVar settings loaded from the selected device profile: [Windows]
[2020.04.29-00.13.34:534][  0]LogHAL: Display: Platform has ~ 8 GB [8519520256 / 8589934592 / 8], which maps to Default [LargestMinGB=32, LargerMinGB=12, DefaultMinGB=8, SmallerMinGB=6, SmallestMinGB=0)
[2020.04.29-00.13.34:534][  0]LogInit: Going up to parent DeviceProfile []
[2020.04.29-00.13.34:540][  0]LogConfig: Applying CVar settings from Section [ViewDistanceQuality@3] File [C:/Users/germa/Documents/GitHub/FirstShooterGame/ProyectoComunShooter/Saved/Config/Windows/Scalability.ini]
[2020.04.29-00.13.34:540][  0]LogConfig: Setting CVar [[r.SkeletalMeshLODBias:0]]
[2020.04.29-00.13.34:540][  0]LogConfig: Setting CVar [[r.ViewDistanceScale:1.0]]
[2020.04.29-00.13.34:540][  0]LogConfig: Applying CVar settings from Section [AntiAliasingQuality@3] File [C:/Users/germa/Documents/GitHub/FirstShooterGame/ProyectoComunShooter/Saved/Config/Windows/Scalability.ini]
[2020.04.29-00.13.34:540][  0]LogConfig: Setting CVar [[r.PostProcessAAQuality:4]]
[2020.04.29-00.13.34:540][  0]LogConfig: Applying CVar settings from Section [ShadowQuality@3] File [C:/Users/germa/Documents/GitHub/FirstShooterGame/ProyectoComunShooter/Saved/Config/Windows/Scalability.ini]
[2020.04.29-00.13.34:540][  0]LogConfig: Setting CVar [[r.LightFunctionQuality:1]]
[2020.04.29-00.13.34:540][  0]LogConfig: Setting CVar [[r.ShadowQuality:5]]
[2020.04.29-00.13.34:540][  0]LogConfig: Setting CVar [[r.Shadow.CSM.MaxCascades:10]]
[2020.04.29-00.13.34:540][  0]LogConfig: Setting CVar [[r.Shadow.MaxResolution:2048]]
[2020.04.29-00.13.34:540][  0]LogConfig: Setting CVar [[r.Shadow.MaxCSMResolution:2048]]
[2020.04.29-00.13.34:540][  0]LogConfig: Setting CVar [[r.Shadow.RadiusThreshold:0.01]]
[2020.04.29-00.13.34:540][  0]LogConfig: Setting CVar [[r.Shadow.DistanceScale:1.0]]
[2020.04.29-00.13.34:540][  0]LogConfig: Setting CVar [[r.Shadow.CSM.TransitionScale:1.0]]
[2020.04.29-00.13.34:540][  0]LogConfig: Setting CVar [[r.Shadow.PreShadowResolutionFactor:1.0]]
[2020.04.29-00.13.34:540][  0]LogConfig: Setting CVar [[r.DistanceFieldShadowing:1]]
[2020.04.29-00.13.34:540][  0]LogConfig: Setting CVar [[r.DistanceFieldAO:1]]
[2020.04.29-00.13.34:540][  0]LogConfig: Setting CVar [[r.AOQuality:2]]
[2020.04.29-00.13.34:540][  0]LogConfig: Setting CVar [[r.VolumetricFog:1]]
[2020.04.29-00.13.34:540][  0]LogConfig: Setting CVar [[r.VolumetricFog.GridPixelSize:8]]
[2020.04.29-00.13.34:540][  0]LogConfig: Setting CVar [[r.VolumetricFog.GridSizeZ:128]]
[2020.04.29-00.13.34:540][  0]LogConfig: Setting CVar [[r.VolumetricFog.HistoryMissSupersampleCount:4]]
[2020.04.29-00.13.34:540][  0]LogConfig: Setting CVar [[r.LightMaxDrawDistanceScale:1]]
[2020.04.29-00.13.34:540][  0]LogConfig: Setting CVar [[r.CapsuleShadows:1]]
[2020.04.29-00.13.34:540][  0]LogConfig: Applying CVar settings from Section [PostProcessQuality@3] File [C:/Users/germa/Documents/GitHub/FirstShooterGame/ProyectoComunShooter/Saved/Config/Windows/Scalability.ini]
[2020.04.29-00.13.34:540][  0]LogConfig: Setting CVar [[r.MotionBlurQuality:4]]
[2020.04.29-00.13.34:540][  0]LogConfig: Setting CVar [[r.AmbientOcclusionMipLevelFactor:0.4]]
[2020.04.29-00.13.34:540][  0]LogConfig: Setting CVar [[r.AmbientOcclusionMaxQuality:100]]
[2020.04.29-00.13.34:541][  0]LogConfig: Setting CVar [[r.AmbientOcclusionLevels:-1]]
[2020.04.29-00.13.34:541][  0]LogConfig: Setting CVar [[r.AmbientOcclusionRadiusScale:1.0]]
[2020.04.29-00.13.34:541][  0]LogConfig: Setting CVar [[r.DepthOfFieldQuality:2]]
[2020.04.29-00.13.34:541][  0]LogConfig: Setting CVar [[r.RenderTargetPoolMin:400]]
[2020.04.29-00.13.34:541][  0]LogConfig: Setting CVar [[r.LensFlareQuality:2]]
[2020.04.29-00.13.34:541][  0]LogConfig: Setting CVar [[r.SceneColorFringeQuality:1]]
[2020.04.29-00.13.34:541][  0]LogConfig: Setting CVar [[r.EyeAdaptationQuality:2]]
[2020.04.29-00.13.34:541][  0]LogConfig: Setting CVar [[r.BloomQuality:5]]
[2020.04.29-00.13.34:541][  0]LogConfig: Setting CVar [[r.FastBlurThreshold:100]]
[2020.04.29-00.13.34:541][  0]LogConfig: Setting CVar [[r.Upscale.Quality:3]]
[2020.04.29-00.13.34:541][  0]LogConfig: Setting CVar [[r.Tonemapper.GrainQuantization:1]]
[2020.04.29-00.13.34:541][  0]LogConfig: Setting CVar [[r.LightShaftQuality:1]]
[2020.04.29-00.13.34:541][  0]LogConfig: Setting CVar [[r.Filter.SizeScale:1]]
[2020.04.29-00.13.34:541][  0]LogConfig: Setting CVar [[r.Tonemapper.Quality:5]]
[2020.04.29-00.13.34:541][  0]LogConfig: Setting CVar [[r.DOF.Gather.AccumulatorQuality:1        ; higher gathering accumulator quality]]
[2020.04.29-00.13.34:541][  0]LogConfig: Setting CVar [[r.DOF.Gather.PostfilterMethod:1          ; Median3x3 postfilering method]]
[2020.04.29-00.13.34:541][  0]LogConfig: Setting CVar [[r.DOF.Gather.EnableBokehSettings:0       ; no bokeh simulation when gathering]]
[2020.04.29-00.13.34:541][  0]LogConfig: Setting CVar [[r.DOF.Gather.RingCount:4                 ; medium number of samples when gathering]]
[2020.04.29-00.13.34:541][  0]LogConfig: Setting CVar [[r.DOF.Scatter.ForegroundCompositing:1    ; additive foreground scattering]]
[2020.04.29-00.13.34:541][  0]LogConfig: Setting CVar [[r.DOF.Scatter.BackgroundCompositing:2    ; additive background scattering]]
[2020.04.29-00.13.34:541][  0]LogConfig: Setting CVar [[r.DOF.Scatter.EnableBokehSettings:1      ; bokeh simulation when scattering]]
[2020.04.29-00.13.34:541][  0]LogConfig: Setting CVar [[r.DOF.Scatter.MaxSpriteRatio:0.1         ; only a maximum of 10% of scattered bokeh]]
[2020.04.29-00.13.34:541][  0]LogConfig: Setting CVar [[r.DOF.Recombine.Quality:1                ; cheap slight out of focus]]
[2020.04.29-00.13.34:541][  0]LogConfig: Setting CVar [[r.DOF.Recombine.EnableBokehSettings:0    ; no bokeh simulation on slight out of focus]]
[2020.04.29-00.13.34:541][  0]LogConfig: Setting CVar [[r.DOF.TemporalAAQuality:1                ; more stable temporal accumulation]]
[2020.04.29-00.13.34:541][  0]LogConfig: Setting CVar [[r.DOF.Kernel.MaxForegroundRadius:0.025]]
[2020.04.29-00.13.34:541][  0]LogConfig: Setting CVar [[r.DOF.Kernel.MaxBackgroundRadius:0.025]]
[2020.04.29-00.13.34:541][  0]LogConfig: Applying CVar settings from Section [TextureQuality@3] File [C:/Users/germa/Documents/GitHub/FirstShooterGame/ProyectoComunShooter/Saved/Config/Windows/Scalability.ini]
[2020.04.29-00.13.34:541][  0]LogConfig: Setting CVar [[r.Streaming.MipBias:0]]
[2020.04.29-00.13.34:541][  0]LogConfig: Setting CVar [[r.Streaming.AmortizeCPUToGPUCopy:0]]
[2020.04.29-00.13.34:541][  0]LogConfig: Setting CVar [[r.Streaming.MaxNumTexturesToStreamPerFrame:0]]
[2020.04.29-00.13.34:541][  0]LogConfig: Setting CVar [[r.Streaming.Boost:1]]
[2020.04.29-00.13.34:541][  0]LogConfig: Setting CVar [[r.MaxAnisotropy:8]]
[2020.04.29-00.13.34:541][  0]LogConfig: Setting CVar [[r.Streaming.LimitPoolSizeToVRAM:0]]
[2020.04.29-00.13.34:541][  0]LogConfig: Setting CVar [[r.Streaming.PoolSize:1000]]
[2020.04.29-00.13.34:541][  0]LogConfig: Setting CVar [[r.Streaming.MaxEffectiveScreenSize:0]]
[2020.04.29-00.13.34:541][  0]LogConfig: Applying CVar settings from Section [EffectsQuality@3] File [C:/Users/germa/Documents/GitHub/FirstShooterGame/ProyectoComunShooter/Saved/Config/Windows/Scalability.ini]
[2020.04.29-00.13.34:541][  0]LogConfig: Setting CVar [[r.TranslucencyLightingVolumeDim:64]]
[2020.04.29-00.13.34:541][  0]LogConfig: Setting CVar [[r.RefractionQuality:2]]
[2020.04.29-00.13.34:541][  0]LogConfig: Setting CVar [[r.SSR.Quality:3]]
[2020.04.29-00.13.34:541][  0]LogConfig: Setting CVar [[r.SceneColorFormat:4]]
[2020.04.29-00.13.34:541][  0]LogConfig: Setting CVar [[r.DetailMode:2]]
[2020.04.29-00.13.34:541][  0]LogConfig: Setting CVar [[r.TranslucencyVolumeBlur:1]]
[2020.04.29-00.13.34:541][  0]LogConfig: Setting CVar [[r.MaterialQualityLevel:1 ; High quality]]
[2020.04.29-00.13.34:541][  0]LogConfig: Setting CVar [[r.SSS.Scale:1]]
[2020.04.29-00.13.34:541][  0]LogConfig: Setting CVar [[r.SSS.SampleSet:2]]
[2020.04.29-00.13.34:541][  0]LogConfig: Setting CVar [[r.SSS.Quality:1]]
[2020.04.29-00.13.34:541][  0]LogConfig: Setting CVar [[r.SSS.HalfRes:1]]
[2020.04.29-00.13.34:541][  0]LogConfig: Setting CVar [[r.EmitterSpawnRateScale:1.0]]
[2020.04.29-00.13.34:541][  0]LogConfig: Setting CVar [[r.ParticleLightQuality:2]]
[2020.04.29-00.13.34:541][  0]LogConfig: Applying CVar settings from Section [FoliageQuality@3] File [C:/Users/germa/Documents/GitHub/FirstShooterGame/ProyectoComunShooter/Saved/Config/Windows/Scalability.ini]
[2020.04.29-00.13.34:541][  0]LogConfig: Setting CVar [[foliage.DensityScale:1.0]]
[2020.04.29-00.13.34:541][  0]LogConfig: Setting CVar [[grass.DensityScale:1.0]]
[2020.04.29-00.13.34:541][  0]LogConfig: Applying CVar settings from Section [Startup] File [../../../Engine/Config/ConsoleVariables.ini]
[2020.04.29-00.13.34:555][  0]LogConfig: Setting CVar [[net.UseAdaptiveNetUpdateFrequency:0]]
[2020.04.29-00.13.34:555][  0]LogConfig: Setting CVar [[p.chaos.AllowCreatePhysxBodies:1]]
[2020.04.29-00.13.34:555][  0]LogConfig: Applying CVar settings from Section [ConsoleVariables] File [C:/Users/germa/Documents/GitHub/FirstShooterGame/ProyectoComunShooter/Saved/Config/Windows/Engine.ini]
[2020.04.29-00.13.34:586][  0]LogInit: Computer: DESKTOP-DBU9E1H
[2020.04.29-00.13.34:586][  0]LogInit: User: germa
[2020.04.29-00.13.34:586][  0]LogInit: CPU Page size=4096, Cores=4
[2020.04.29-00.13.34:586][  0]LogInit: High frequency timer resolution =10.000000 MHz
[2020.04.29-00.13.34:598][  0]LogMemory: Memory total: Physical=7.9GB (8GB approx)
[2020.04.29-00.13.34:600][  0]LogMemory: Platform Memory Stats for Windows
[2020.04.29-00.13.34:600][  0]LogMemory: Process Physical Memory: 100.18 MB used, 100.18 MB peak
[2020.04.29-00.13.34:600][  0]LogMemory: Process Virtual Memory: 99.95 MB used, 99.95 MB peak
[2020.04.29-00.13.34:600][  0]LogMemory: Physical Memory: 4853.23 MB used,  3271.62 MB free, 8124.85 MB total
[2020.04.29-00.13.34:600][  0]LogMemory: Virtual Memory: 4655.75 MB used,  134213072.00 MB free, 134217728.00 MB total
[2020.04.29-00.13.34:606][  0]LogWindows: WindowsPlatformFeatures enabled
[2020.04.29-00.13.35:137][  0]LogInit: Overriding language with editor language configuration option (en).
[2020.04.29-00.13.35:137][  0]LogInit: Overriding locale with editor locale configuration option (en).
[2020.04.29-00.13.35:795][  0]LogInit: Setting process to per monitor DPI aware
[2020.04.29-00.13.36:380][  0]LogSlate: New Slate User Created.  User Index 0, Is Virtual User: 0
[2020.04.29-00.13.36:380][  0]LogSlate: Slate User Registered.  User Index 0, Is Virtual User: 0
[2020.04.29-00.13.37:426][  0]LogHMD: Failed to initialize OpenVR with code 110
[2020.04.29-00.13.37:426][  0]LogD3D11RHI: D3D11 adapters:
[2020.04.29-00.13.37:513][  0]LogD3D11RHI:    0. 'AMD Radeon (TM) R9 380 Series' (Feature Level 11_0)
[2020.04.29-00.13.37:513][  0]LogD3D11RHI:       4071/0/4062 MB DedicatedVideo/DedicatedSystem/SharedSystem, Outputs:1, VendorId:0x1002
[2020.04.29-00.13.37:516][  0]LogD3D11RHI:    1. 'Microsoft Basic Render Driver' (Feature Level 11_0)
[2020.04.29-00.13.37:516][  0]LogD3D11RHI:       0/0/4062 MB DedicatedVideo/DedicatedSystem/SharedSystem, Outputs:0, VendorId:0x1414
[2020.04.29-00.13.37:516][  0]LogD3D11RHI: Chosen D3D11 Adapter: 0
[2020.04.29-00.13.37:538][  0]LogD3D11RHI: Creating new Direct3DDevice
[2020.04.29-00.13.37:538][  0]LogD3D11RHI:     GPU DeviceId: 0x6938 (for the marketing name, search the web for "GPU Device Id")
[2020.04.29-00.13.37:538][  0]LogWindows: EnumDisplayDevices:
[2020.04.29-00.13.37:539][  0]LogWindows:    0. 'AMD Radeon (TM) R9 380 Series' (P:1 D:1)
[2020.04.29-00.13.37:540][  0]LogWindows:    1. 'AMD Radeon (TM) R9 380 Series' (P:0 D:0)
[2020.04.29-00.13.37:541][  0]LogWindows:    2. 'AMD Radeon (TM) R9 380 Series' (P:0 D:0)
[2020.04.29-00.13.37:542][  0]LogWindows:    3. 'AMD Radeon (TM) R9 380 Series' (P:0 D:0)
[2020.04.29-00.13.37:543][  0]LogWindows:    4. 'AMD Radeon (TM) R9 380 Series' (P:0 D:0)
[2020.04.29-00.13.37:543][  0]LogWindows:    5. 'AMD Radeon (TM) R9 380 Series' (P:0 D:0)
[2020.04.29-00.13.37:544][  0]LogWindows:    6. 'AMD Radeon (TM) R9 380 Series' (P:0 D:0)
[2020.04.29-00.13.37:545][  0]LogWindows:    7. 'AMD Radeon (TM) R9 380 Series' (P:0 D:0)
[2020.04.29-00.13.37:546][  0]LogWindows: DebugString: FoundDriverCount:8 
[2020.04.29-00.13.37:546][  0]LogD3D11RHI:     Adapter Name: AMD Radeon (TM) R9 380 Series
[2020.04.29-00.13.37:546][  0]LogD3D11RHI:   Driver Version: Adrenalin 2020 20.1.3 (internal:26.20.15015.1007, unified:26.20.15015.1007)
[2020.04.29-00.13.37:546][  0]LogD3D11RHI:      Driver Date: 1-17-2020
[2020.04.29-00.13.37:546][  0]LogRHI: Texture pool is 2849 MB (70% of 4071 MB)
[2020.04.29-00.13.37:662][  0]LogD3D11RHI: Async texture creation enabled
[2020.04.29-00.13.37:920][  0]LogD3D11RHI: GPU Timing Frequency: 27.000000 (Debug: 2 1)
[2020.04.29-00.13.39:539][  0]LogTemp: Display: Module 'AllDesktopTargetPlatform' loaded TargetPlatform 'AllDesktop'
[2020.04.29-00.13.39:565][  0]LogTemp: Display: Module 'MacClientTargetPlatform' loaded TargetPlatform 'MacClient'
[2020.04.29-00.13.39:586][  0]LogTemp: Display: Module 'MacNoEditorTargetPlatform' loaded TargetPlatform 'MacNoEditor'
[2020.04.29-00.13.39:602][  0]LogTemp: Display: Module 'MacServerTargetPlatform' loaded TargetPlatform 'MacServer'
[2020.04.29-00.13.39:652][  0]LogTemp: Display: Module 'MacTargetPlatform' loaded TargetPlatform 'Mac'
[2020.04.29-00.13.39:683][  0]LogTemp: Display: Module 'WindowsClientTargetPlatform' loaded TargetPlatform 'WindowsClient'
[2020.04.29-00.13.39:708][  0]LogTemp: Display: Module 'WindowsNoEditorTargetPlatform' loaded TargetPlatform 'WindowsNoEditor'
[2020.04.29-00.13.39:728][  0]LogTemp: Display: Module 'WindowsServerTargetPlatform' loaded TargetPlatform 'WindowsServer'
[2020.04.29-00.13.39:740][  0]LogTemp: Display: Module 'WindowsTargetPlatform' loaded TargetPlatform 'Windows'
[2020.04.29-00.13.39:818][  0]LogTemp: Display: Module 'AndroidTargetPlatform' loaded TargetPlatform 'Android'
[2020.04.29-00.13.39:818][  0]LogTemp: Display: Module 'AndroidTargetPlatform' loaded TargetPlatform 'Android_ASTC'
[2020.04.29-00.13.39:818][  0]LogTemp: Display: Module 'AndroidTargetPlatform' loaded TargetPlatform 'Android_ATC'
[2020.04.29-00.13.39:818][  0]LogTemp: Display: Module 'AndroidTargetPlatform' loaded TargetPlatform 'Android_DXT'
[2020.04.29-00.13.39:818][  0]LogTemp: Display: Module 'AndroidTargetPlatform' loaded TargetPlatform 'Android_ETC1'
[2020.04.29-00.13.39:818][  0]LogTemp: Display: Module 'AndroidTargetPlatform' loaded TargetPlatform 'Android_ETC1a'
[2020.04.29-00.13.39:818][  0]LogTemp: Display: Module 'AndroidTargetPlatform' loaded TargetPlatform 'Android_ETC2'
[2020.04.29-00.13.39:818][  0]LogTemp: Display: Module 'AndroidTargetPlatform' loaded TargetPlatform 'Android_PVRTC'
[2020.04.29-00.13.39:819][  0]LogTemp: Display: Module 'AndroidTargetPlatform' loaded TargetPlatform 'AndroidClient'
[2020.04.29-00.13.39:819][  0]LogTemp: Display: Module 'AndroidTargetPlatform' loaded TargetPlatform 'Android_ASTCClient'
[2020.04.29-00.13.39:819][  0]LogTemp: Display: Module 'AndroidTargetPlatform' loaded TargetPlatform 'Android_ATCClient'
[2020.04.29-00.13.39:819][  0]LogTemp: Display: Module 'AndroidTargetPlatform' loaded TargetPlatform 'Android_DXTClient'
[2020.04.29-00.13.39:819][  0]LogTemp: Display: Module 'AndroidTargetPlatform' loaded TargetPlatform 'Android_ETC1Client'
[2020.04.29-00.13.39:819][  0]LogTemp: Display: Module 'AndroidTargetPlatform' loaded TargetPlatform 'Android_ETC1aClient'
[2020.04.29-00.13.39:819][  0]LogTemp: Display: Module 'AndroidTargetPlatform' loaded TargetPlatform 'Android_ETC2Client'
[2020.04.29-00.13.39:819][  0]LogTemp: Display: Module 'AndroidTargetPlatform' loaded TargetPlatform 'Android_PVRTCClient'
[2020.04.29-00.13.39:819][  0]LogTemp: Display: Module 'AndroidTargetPlatform' loaded TargetPlatform 'Android_Multi'
[2020.04.29-00.13.39:819][  0]LogTemp: Display: Module 'AndroidTargetPlatform' loaded TargetPlatform 'Android_MultiClient'
[2020.04.29-00.13.39:837][  0]LogTemp: Display: Module 'HTML5TargetPlatform' loaded TargetPlatform 'HTML5'
[2020.04.29-00.13.39:910][  0]LogTemp: Display: Module 'IOSTargetPlatform' loaded TargetPlatform 'IOSClient'
[2020.04.29-00.13.39:910][  0]LogTemp: Display: Module 'IOSTargetPlatform' loaded TargetPlatform 'IOS'
[2020.04.29-00.13.39:937][  0]LogTemp: Display: Module 'TVOSTargetPlatform' loaded TargetPlatform 'TVOSClient'
[2020.04.29-00.13.39:937][  0]LogTemp: Display: Module 'TVOSTargetPlatform' loaded TargetPlatform 'TVOS'
[2020.04.29-00.13.39:957][  0]LogTemp: Display: Module 'LinuxClientTargetPlatform' loaded TargetPlatform 'LinuxClient'
[2020.04.29-00.13.39:977][  0]LogTemp: Display: Module 'LinuxNoEditorTargetPlatform' loaded TargetPlatform 'LinuxNoEditor'
[2020.04.29-00.13.39:992][  0]LogTemp: Display: Module 'LinuxServerTargetPlatform' loaded TargetPlatform 'LinuxServer'
[2020.04.29-00.13.40:013][  0]LogTemp: Display: Module 'LinuxTargetPlatform' loaded TargetPlatform 'Linux'
[2020.04.29-00.13.40:072][  0]LogTemp: Display: Module 'LuminTargetPlatform' loaded TargetPlatform 'Lumin'
[2020.04.29-00.13.40:072][  0]LogTemp: Display: Module 'LuminTargetPlatform' loaded TargetPlatform 'LuminClient'
[2020.04.29-00.13.40:072][  0]LogTargetPlatformManager: Display: Building Assets For Windows
[2020.04.29-00.13.40:166][  0]LogAudioDebug: Display: Lib vorbis DLL was dynamically loaded.
[2020.04.29-00.13.40:665][  0]LogShaderCompilers: Guid format shader working directory is -23 characters bigger than the processId version (C:/Users/germa/Documents/GitHub/FirstShooterGame/ProyectoComunShooter/Intermediate/Shaders/WorkingDirectory/9016/).
[2020.04.29-00.13.40:665][  0]LogShaderCompilers: Cleaned the shader compiler working directory 'C:/Users/germa/AppData/Local/Temp/UnrealShaderWorkingDir/3F5D97EE48C6581F2A6CE6ACE2A7E4F6/'.
[2020.04.29-00.13.40:693][  0]LogXGEController: Cleaning working directory: C:/Users/germa/AppData/Local/Temp/UnrealXGEWorkingDir/
[2020.04.29-00.13.40:693][  0]LogXGEController: Cannot use XGE Controller as Incredibuild is not installed on this machine.
[2020.04.29-00.13.40:693][  0]LogShaderCompilers: Cannot use XGE Shader Compiler as Incredibuild is not installed on this machine.
[2020.04.29-00.13.40:694][  0]LogShaderCompilers: Display: Using Local Shader Compiler.
[2020.04.29-00.13.42:895][  0]LogDerivedDataCache: Display: Max Cache Size: 512 MB
[2020.04.29-00.13.43:105][  0]LogDerivedDataCache: Loaded boot cache 0.21s 73MB C:/Users/germa/AppData/Local/UnrealEngine/4.23/DerivedDataCache/Boot.ddc.
[2020.04.29-00.13.43:105][  0]LogDerivedDataCache: Display: Loaded Boot cache: C:/Users/germa/AppData/Local/UnrealEngine/4.23/DerivedDataCache/Boot.ddc
[2020.04.29-00.13.43:105][  0]LogDerivedDataCache: FDerivedDataBackendGraph:  Pak pak cache file C:/Users/germa/Documents/GitHub/FirstShooterGame/ProyectoComunShooter/DerivedDataCache/DDC.ddp not found, will not use a pak cache.
[2020.04.29-00.13.43:105][  0]LogDerivedDataCache: Unable to find inner node Pak for hierarchical cache Hierarchy.
[2020.04.29-00.13.43:105][  0]LogDerivedDataCache: FDerivedDataBackendGraph:  CompressedPak pak cache file C:/Users/germa/Documents/GitHub/FirstShooterGame/ProyectoComunShooter/DerivedDataCache/Compressed.ddp not found, will not use a pak cache.
[2020.04.29-00.13.43:105][  0]LogDerivedDataCache: Unable to find inner node CompressedPak for hierarchical cache Hierarchy.
[2020.04.29-00.13.43:143][  0]LogDerivedDataCache: Display: Pak cache opened for reading ../../../Engine/DerivedDataCache/Compressed.ddp.
[2020.04.29-00.13.43:143][  0]LogDerivedDataCache: FDerivedDataBackendGraph:  EnterprisePak pak cache file ../../../Enterprise/DerivedDataCache/Compressed.ddp not found, will not use a pak cache.
[2020.04.29-00.13.43:143][  0]LogDerivedDataCache: Unable to find inner node EnterprisePak for hierarchical cache Hierarchy.
[2020.04.29-00.13.43:145][  0]LogDerivedDataCache: Using Local data cache path C:/Users/germa/AppData/Local/UnrealEngine/Common/DerivedDataCache: Writable
[2020.04.29-00.13.43:146][  0]LogDerivedDataCache: Shared data cache path not found in *engine.ini, will not use an Shared cache.
[2020.04.29-00.13.43:146][  0]LogDerivedDataCache: Unable to find inner node Shared for hierarchical cache Hierarchy.
[2020.04.29-00.13.43:221][  0]LogMaterial: Verifying Global Shaders for PCD3D_SM5
[2020.04.29-00.13.43:286][  0]LogSlate: Using FreeType 2.6.0
[2020.04.29-00.13.43:378][  0]LogSlate: SlateFontServices - WITH_FREETYPE: 1, WITH_HARFBUZZ: 1
[2020.04.29-00.13.44:859][  0]LogAssetRegistry: FAssetRegistry took 0.0064 seconds to start up
[2020.04.29-00.13.50:266][  0]LogInit: Selected Device Profile: [Windows]
[2020.04.29-00.13.51:856][  0]LogMeshReduction: Using QuadricMeshReduction for automatic static mesh reduction
[2020.04.29-00.13.51:857][  0]LogMeshReduction: Using SimplygonMeshReduction for automatic skeletal mesh reduction
[2020.04.29-00.13.51:857][  0]LogMeshReduction: Using ProxyLODMeshReduction for automatic mesh merging
[2020.04.29-00.13.51:857][  0]LogMeshReduction: No distributed automatic mesh merging module available
[2020.04.29-00.13.51:858][  0]LogMeshMerging: No distributed automatic mesh merging module available
[2020.04.29-00.13.52:388][  0]LogNetVersion: ProyectoComunShooter 1.0.0, NetCL: 8386587, EngineNetVer: 11, GameNetVer: 0 (Checksum: 3979821434)
[2020.04.29-00.13.57:039][  0]LogPackageLocalizationCache: Processed 12 localized package path(s) for 1 prioritized culture(s) in 0.116079 seconds
[2020.04.29-00.13.57:064][  0]LogUObjectArray: 43444 objects as part of root set at end of initial load.
[2020.04.29-00.13.57:064][  0]LogUObjectAllocator: 7548648 out of 0 bytes used by permanent object pool.
[2020.04.29-00.13.57:064][  0]LogUObjectArray: CloseDisregardForGC: 0/0 objects in disregard for GC pool
[2020.04.29-00.14.16:316][  0]LogTcpMessaging: Initializing TcpMessaging bridge
[2020.04.29-00.14.16:340][  0]LogUdpMessaging: Initializing bridge on interface 0.0.0.0:0 to multicast group 230.0.0.1:6666.
[2020.04.29-00.14.17:019][  0]SourceControl: Source control is disabled
[2020.04.29-00.14.17:040][  0]SourceControl: Source control is disabled
[2020.04.29-00.14.17:104][  0]SourceControl: Source control is disabled
[2020.04.29-00.14.17:119][  0]SourceControl: Source control is disabled
[2020.04.29-00.14.17:160][  0]LogVSAccessor: Display: Unable to create Visual Studio setup instance: 80040154
[2020.04.29-00.14.17:161][  0]LogVSAccessor: Display: Unable to create Visual Studio setup instance: 80040154
[2020.04.29-00.14.18:233][  0]LogAndroidPermission: UAndroidPermissionCallbackProxy::GetInstance
[2020.04.29-00.14.19:036][  0]LogOcInput: OculusInput pre-init called
[2020.04.29-00.14.19:066][  0]LogWindows: Failed to load 'OVRPlugin.dll' (GetLastError=126)
[2020.04.29-00.14.19:066][  0]LogWindows: File 'OVRPlugin.dll' does not exist
[2020.04.29-00.14.20:368][  0]LogEngine: Initializing Engine...
[2020.04.29-00.14.20:425][  0]LogHMD: Failed to initialize OpenVR with code 110
[2020.04.29-00.14.20:488][  0]LogStats: UGameplayTagsManager::InitializeManager -  0.029 s
[2020.04.29-00.14.21:451][  0]LogInit: Initializing FReadOnlyCVARCache
[2020.04.29-00.14.22:038][  0]LogAIModule: Creating AISystem for world Untitled
[2020.04.29-00.14.22:314][  0]LogInit: XAudio2 using 'Audífono de los auriculares con micrófono (4- Razer Kraken 7.1 Chroma)' : 2 channels at 48 kHz using 16 bits per sample (channel mask 0x3)
[2020.04.29-00.14.22:407][  0]LogInit: FAudioDevice initialized.
[2020.04.29-00.14.22:422][  0]LogNetVersion: Set ProjectVersion to 1.0.0.0. Version Checksum will be recalculated on next use.
[2020.04.29-00.14.22:506][  0]LogDerivedDataCache: Saved boot cache 0.08s 73MB C:/Users/germa/AppData/Local/UnrealEngine/4.23/DerivedDataCache/Boot.ddc.
[2020.04.29-00.14.22:518][  0]LogInit: Texture streaming: Enabled
[2020.04.29-00.14.22:693][  0]LogEngineSessionManager: EngineSessionManager initialized
[2020.04.29-00.14.22:703][  0]LogEditorSessionSummary: Verbose: Initializing EditorSessionSummaryWriter for editor session tracking
[2020.04.29-00.14.22:714][  0]LogEditorSessionSummary: EditorSessionSummaryWriter initialized
[2020.04.29-00.14.22:951][  0]LogInit: Transaction tracking system initialized
[2020.04.29-00.14.23:317][  0]BlueprintLog: New page: Editor Load
[2020.04.29-00.14.24:365][  0]LocalizationService: Localization service is disabled
[2020.04.29-00.14.25:226][  0]LogVSAccessor: Display: Unable to create Visual Studio setup instance: 80040154
[2020.04.29-00.14.25:226][  0]LogVSAccessor: Display: Unable to create Visual Studio setup instance: 80040154
[2020.04.29-00.14.27:934][  0]LogFileCache: Scanning file cache for directory 'C:/Users/germa/Documents/GitHub/FirstShooterGame/ProyectoComunShooter/Content/' took 0.03s
[2020.04.29-00.14.27:934][  0]LogCook: Display: Max memory allowance for cook 16384mb min free memory 0mb
[2020.04.29-00.14.27:934][  0]LogCook: Display: Mobile HDR setting 1
[2020.04.29-00.14.31:228][  0]SourceControl: Source control is disabled
[2020.04.29-00.14.31:290][  0]Cmd: MAP LOAD FILE="C:/Users/germa/Documents/GitHub/FirstShooterGame/ProyectoComunShooter/Content/FirstPersonBP/Maps/FirstPersonExampleMap.umap" TEMPLATE=0 SHOWPROGRESS=1 FEATURELEVEL=3
[2020.04.29-00.14.31:313][  0]LightingResults: New page: Lighting Build
[2020.04.29-00.14.31:879][  0]LogWorld: UWorld::CleanupWorld for Untitled, bSessionEnded=true, bCleanupResources=true
[2020.04.29-00.14.32:341][  0]MapCheck: New page: Map Check
[2020.04.29-00.14.32:341][  0]LightingResults: New page: Lighting Build
[2020.04.29-00.14.33:242][  0]LogUObjectHash: Compacting FUObjectHashTables data took   4.43ms
[2020.04.29-00.14.36:163][  0]LogAIModule: Creating AISystem for world FirstPersonExampleMap
[2020.04.29-00.14.36:998][  0]LogEditorServer: Finished looking for orphan Actors (0.000 secs)
[2020.04.29-00.14.37:210][  0]LogUObjectHash: Compacting FUObjectHashTables data took   5.28ms
[2020.04.29-00.14.37:226][  0]Cmd: MAP CHECKDEP NOCLEARLOG
[2020.04.29-00.14.37:238][  0]MapCheck: Map check complete: 0 Error(s), 0 Warning(s), took 11.83ms to complete.
[2020.04.29-00.14.37:238][  0]LogFileHelpers: Loading map 'FirstPersonExampleMap' took 5.971
[2020.04.29-00.14.39:658][  0]LogSlate: Updating window title bar state: overlay mode, drag disabled, window buttons hidden, title bar hidden
[2020.04.29-00.14.39:679][  0]LogSlate: Updating window title bar state: overlay mode, drag disabled, window buttons hidden, title bar hidden
[2020.04.29-00.14.39:687][  0]LogSlate: Updating window title bar state: overlay mode, drag disabled, window buttons hidden, title bar hidden
[2020.04.29-00.14.39:696][  0]LogSlate: Updating window title bar state: overlay mode, drag disabled, window buttons hidden, title bar hidden
[2020.04.29-00.14.39:828][  0]LogCollectionManager: Loaded 0 collections in 0.003310 seconds
[2020.04.29-00.14.39:947][  0]LogFileCache: Scanning file cache for directory 'C:/Users/germa/Documents/GitHub/FirstShooterGame/ProyectoComunShooter/Saved/Collections/' took 0.00s
[2020.04.29-00.14.39:947][  0]LogFileCache: Scanning file cache for directory 'C:/Users/germa/Documents/GitHub/FirstShooterGame/ProyectoComunShooter/Content/Developers/germa/Collections/' took 0.00s
[2020.04.29-00.14.39:947][  0]LogFileCache: Scanning file cache for directory 'C:/Users/germa/Documents/GitHub/FirstShooterGame/ProyectoComunShooter/Content/Collections/' took 0.00s
[2020.04.29-00.14.39:947][  0]LogCollectionManager: Rebuilt the GUID cache for 0 collections in 0.000002 seconds
[2020.04.29-00.14.39:959][  0]LogContentBrowser: Native class hierarchy populated in 0.0104 seconds. Added 2863 classes and 680 folders.
[2020.04.29-00.14.40:155][  0]LogContentBrowser: Native class hierarchy updated for 'WidgetCarousel' in 0.0003 seconds. Added 0 classes and 0 folders.
[2020.04.29-00.14.40:885][  0]LogContentBrowser: Native class hierarchy updated for 'AddContentDialog' in 0.0003 seconds. Added 0 classes and 0 folders.
[2020.04.29-00.14.40:947][  0]LogContentBrowser: Native class hierarchy updated for 'SceneOutliner' in 0.0003 seconds. Added 1 classes and 2 folders.
[2020.04.29-00.14.41:955][  0]LogSlate: Took 0.011036 seconds to synchronously load lazily loaded font '../../../Engine/Content/Slate/Fonts/Roboto-Regular.ttf' (155K)
[2020.04.29-00.14.41:986][  0]LogSlate: Took 0.008538 seconds to synchronously load lazily loaded font '../../../Engine/Content/Slate/Fonts/Roboto-Bold.ttf' (160K)
[2020.04.29-00.14.42:089][  0]LogSlate: Took 0.028440 seconds to synchronously load lazily loaded font '../../../Engine/Content/Editor/Slate/Fonts/FontAwesome.ttf' (139K)
[2020.04.29-00.14.42:736][  0]LogRenderer: Reallocating scene render targets to support 1180x684 Format 10 NumSamples 1 (Frame:1).
[2020.04.29-00.14.43:921][  0]LogContentBrowser: Native class hierarchy updated for 'HierarchicalLODOutliner' in 0.0006 seconds. Added 0 classes and 0 folders.
[2020.04.29-00.14.43:922][  0]LogLoad: (Engine Initialization) Total time: 83.64 seconds
[2020.04.29-00.14.43:922][  0]LogLoad: (Engine Initialization) Total Blueprint compile time: 0.00 seconds
[2020.04.29-00.14.44:530][  0]LogContentStreaming: Texture pool size now 1000 MB
[2020.04.29-00.14.44:819][  0]LogSlate: Took 0.011426 seconds to synchronously load lazily loaded font '../../../Engine/Content/Slate/Fonts/Roboto-Light.ttf' (167K)
[2020.04.29-00.14.46:845][ 24]LogAssetRegistry: Asset discovery search completed in 61.9871 seconds
[2020.04.29-00.14.46:882][ 24]LogCollectionManager: Rebuilt the object cache for 0 collections in 0.007338 seconds (found 0 objects)
[2020.04.29-00.14.46:883][ 24]LogCollectionManager: Fixed up redirectors for 0 collections in 0.007456 seconds (updated 0 objects)
[2020.04.29-00.16.17:566][844]LogSlate: FSceneViewport::OnFocusLost() reason 0
[2020.04.29-00.16.30:270][301]LogSlate: FSceneViewport::OnFocusLost() reason 0
[2020.04.29-00.16.35:177][638]LogEditorViewport: Clicking on Actor (LMB): BP_Crypt_Doorway_C (BP_Crypt_Doorway)
[2020.04.29-00.17.15:779][326]LogEditorViewport: Clicking on Actor (LMB): StaticMeshActor (Floor)
[2020.04.29-00.17.20:790][802]LogEditorViewport: Clicking on Actor (LMB): BP_Crypt_Doorway_C (BP_Crypt_Doorway)
[2020.04.29-00.17.34:293][346]LogSlate: FSceneViewport::OnFocusLost() reason 0
[2020.04.29-00.17.34:606][369]LogStaticMesh: Building static mesh SM_Cell_Door...
[2020.04.29-00.17.34:648][369]LogSlate: Took 0.000443 seconds to synchronously load lazily loaded font '../../../Engine/Content/Slate/Fonts/Roboto-Light.ttf' (167K)
[2020.04.29-00.17.34:734][369]LogStaticMesh: Built static mesh [0.13s] /Game/MedievalDungeon/Meshes/Architecture/Dungeon/SM_Cell_Door.SM_Cell_Door
[2020.04.29-00.17.34:791][369]LogStaticMesh: Building static mesh SM_Cell_Front...
[2020.04.29-00.17.34:838][369]LogStaticMesh: Built static mesh [0.05s] /Game/MedievalDungeon/Meshes/Architecture/Dungeon/SM_Cell_Front.SM_Cell_Front
[2020.04.29-00.18.00:834][369]LogTexture: Display: Building textures: T_Cell_Door_Front_C (AutoDXT, 4096X4096)
[2020.04.29-00.18.00:834][369]LogTexture: Display: Building textures: T_Cell_Door_Front_N (BC5, 4096X4096)
[2020.04.29-00.18.00:834][369]LogTexture: Display: Building textures: T_Cell_Door_Front_A (AutoDXT, 4096X4096)
[2020.04.29-00.21.05:680][604]LogSlate: FSceneViewport::OnFocusLost() reason 0
[2020.04.29-00.21.08:606][845]LogSlate: FSceneViewport::OnFocusLost() reason 0
[2020.04.29-00.21.17:464][784]LogEditorViewport: Clicking on Actor (LMB): BP_Torch_C (BP_Torch)
[2020.04.29-00.21.30:360][269]LogEditorViewport: Clicking on Actor (LMB): BP_Crypt_Doorway_C (BP_Crypt_Doorway)
[2020.04.29-00.21.31:229][369]LogEditorViewport: Clicking on Actor (LMB): BP_Crypt_Doorway_C (BP_Crypt_Doorway)
[2020.04.29-00.21.31:630][414]LogEditorViewport: Clicking on Actor (LMB): BP_Crypt_Doorway_C (BP_Crypt_Doorway)
[2020.04.29-00.21.38:729][222]Cmd: TRANSACTION UNDO
[2020.04.29-00.21.38:738][222]LogEditorTransaction: Undo Clicking on Actors
[2020.04.29-00.21.39:828][306]Cmd: TRANSACTION UNDO
[2020.04.29-00.21.39:828][306]LogEditorTransaction: Undo Move Actors
[2020.04.29-00.21.40:686][380]Cmd: TRANSACTION UNDO
[2020.04.29-00.21.40:686][380]LogEditorTransaction: Undo Move Actors
[2020.04.29-00.21.41:271][431]Cmd: TRANSACTION UNDO
[2020.04.29-00.21.41:271][431]LogEditorTransaction: Undo Move Actors
[2020.04.29-00.21.42:672][546]LogEditorViewport: Clicking on Actor (LMB): BP_Crypt_Doorway_C (BP_Crypt_Doorway)
[2020.04.29-00.21.43:423][602]LogEditorViewport: Clicking on Actor (LMB): BP_Torch_C (BP_Torch)
[2020.04.29-00.21.54:877][893]Cmd: TRANSACTION UNDO
[2020.04.29-00.21.54:877][893]LogEditorTransaction: Undo Move Actors
[2020.04.29-00.21.55:239][925]Cmd: TRANSACTION UNDO
[2020.04.29-00.21.55:240][925]LogEditorTransaction: Undo Move Actors
[2020.04.29-00.21.55:714][965]Cmd: TRANSACTION UNDO
[2020.04.29-00.21.55:714][965]LogEditorTransaction: Undo Move Actors
[2020.04.29-00.21.56:139][  1]Cmd: TRANSACTION UNDO
[2020.04.29-00.21.56:139][  1]LogEditorTransaction: Undo Move Actors
[2020.04.29-00.21.56:991][ 74]Cmd: TRANSACTION UNDO
[2020.04.29-00.21.56:991][ 74]LogEditorTransaction: Undo Move Actors
[2020.04.29-00.22.00:816][416]LogEditorViewport: Clicking on Actor (LMB): BP_Crypt_Doorway_C (BP_Crypt_Doorway)
[2020.04.29-00.22.01:201][457]LogEditorSessionSummary: EditorSessionSummary sent report. Type=Shutdown, SessionId={83B6F9C5-4ED4-82E2-641E-938712EBC41E}
[2020.04.29-00.22.06:706][ 45]LogEditorViewport: Clicking on Actor (LMB): BP_Torch_C (BP_Torch)
[2020.04.29-00.22.08:921][295]LogEditorViewport: Clicking on Actor (LMB): BP_Crypt_Doorway_C (BP_Crypt_Doorway)
[2020.04.29-00.22.09:922][398]LogEditorViewport: Clicking on Actor (LMB): BP_Torch_C (BP_Torch2)
[2020.04.29-00.22.11:161][534]LogEditorViewport: Clicking on Actor (LMB): StaticMeshActor (SM_Rock168)
[2020.04.29-00.22.19:292][ 86]LogSlate: FSceneViewport::OnFocusLost() reason 0
[2020.04.29-00.22.30:076][ 51]LogActorFactory: Actor Factory created SM_Rock
[2020.04.29-00.22.34:057][468]LogActorFactory: Actor Factory created SM_Rock
[2020.04.29-00.22.52:386][533]LogSlate: FSceneViewport::OnFocusLost() reason 0
[2020.04.29-00.22.52:522][544]LogActorFactory: Actor Factory created SM_Rock
[2020.04.29-00.22.53:779][665]LogActorFactory: Actor Factory created SM_Rock
[2020.04.29-00.23.23:038][912]LogSlate: FSceneViewport::OnFocusLost() reason 0
[2020.04.29-00.23.23:188][925]LogActorFactory: Actor Factory created SM_Rock
[2020.04.29-00.23.24:768][ 90]LogActorFactory: Actor Factory created SM_Rock
[2020.04.29-00.23.52:582][111]LogEditorViewport: Clicking on Actor (LMB): BP_Crypt_Doorway_C (BP_Crypt_Doorway)
[2020.04.29-00.24.01:228][ 39]LogSlate: FSceneViewport::OnFocusLost() reason 0
[2020.04.29-00.24.01:463][ 42]LogUObjectHash: Compacting FUObjectHashTables data took   7.85ms
[2020.04.29-00.24.02:706][ 42]LogSlate: Window 'Save Content' being destroyed
[2020.04.29-00.24.02:806][ 42]LogUObjectHash: Compacting FUObjectHashTables data took   0.72ms
[2020.04.29-00.24.03:818][ 42]LogSavePackage: Moving 'C:/Users/germa/Documents/GitHub/FirstShooterGame/ProyectoComunShooter/Saved/FirstPersonExampleMap44A9AEE24977A491B217EAB604953D97.tmp' to 'C:/Users/germa/Documents/GitHub/FirstShooterGame/ProyectoComunShooter/Content/FirstPersonBP/Maps/FirstPersonExampleMap.umap'
[2020.04.29-00.24.03:900][ 42]LogFileHelpers: Saving map 'FirstPersonExampleMap' took 1.156
[2020.04.29-00.24.06:771][376]LogTemp: Repeating last play command: Selected Viewport
[2020.04.29-00.24.06:803][376]LogBlueprintUserMessages: Early PlayInEditor Detection: Level '/Game/FirstPersonBP/Maps/FirstPersonExampleMap.FirstPersonExampleMap:PersistentLevel' has LevelScriptBlueprint '/Game/FirstPersonBP/Maps/FirstPersonExampleMap.FirstPersonExampleMap:PersistentLevel.FirstPersonExampleMap' with GeneratedClass '/Game/FirstPersonBP/Maps/FirstPersonExampleMap.FirstPersonExampleMap_C' with ClassGeneratedBy '/Game/FirstPersonBP/Maps/FirstPersonExampleMap.FirstPersonExampleMap:PersistentLevel.FirstPersonExampleMap'
[2020.04.29-00.24.06:832][376]LogPlayLevel: PlayLevel: No blueprints needed recompiling
[2020.04.29-00.24.06:897][376]PIE: New page: PIE session: FirstPersonExampleMap (Apr 29, 2020, 4:24:06 AM)
[2020.04.29-00.24.06:969][376]LogOnline: OSS: Creating online subsystem instance for: NULL
[2020.04.29-00.24.07:004][376]LogPlayLevel: Creating play world package: /Game/FirstPersonBP/Maps/UEDPIE_0_FirstPersonExampleMap
[2020.04.29-00.24.07:118][376]LogPlayLevel: PIE: StaticDuplicateObject took: (0.113170s)
[2020.04.29-00.24.07:129][376]LogAIModule: Creating AISystem for world FirstPersonExampleMap
[2020.04.29-00.24.07:138][376]LogPlayLevel: PIE: World Init took: (0.019910s)
[2020.04.29-00.24.07:138][376]LogPlayLevel: PIE: Created PIE world by copying editor world from /Game/FirstPersonBP/Maps/FirstPersonExampleMap.FirstPersonExampleMap to /Game/FirstPersonBP/Maps/UEDPIE_0_FirstPersonExampleMap.FirstPersonExampleMap (0.134201s)
[2020.04.29-00.24.07:194][376]LogUObjectHash: Compacting FUObjectHashTables data took   3.28ms
[2020.04.29-00.24.07:249][376]LogInit: XAudio2 using 'Audífono de los auriculares con micrófono (4- Razer Kraken 7.1 Chroma)' : 2 channels at 48 kHz using 16 bits per sample (channel mask 0x3)
[2020.04.29-00.24.07:311][376]LogInit: FAudioDevice initialized.
[2020.04.29-00.24.07:362][376]LogLoad: Game class is 'FirstPersonGameMode_C'
[2020.04.29-00.24.07:449][376]LogWorld: Bringing World /Game/FirstPersonBP/Maps/UEDPIE_0_FirstPersonExampleMap.FirstPersonExampleMap up for play (max tick rate 0) at 2020.04.29-02.24.07
[2020.04.29-00.24.07:486][376]LogWorld: Bringing up level for play took: 0.058294
[2020.04.29-00.24.07:501][376]LogOnline: OSS: Creating online subsystem instance for: :Context_6
[2020.04.29-00.24.07:695][376]LogContentBrowser: Native class hierarchy updated for 'MovieSceneCapture' in 0.0011 seconds. Added 20 classes and 0 folders.
[2020.04.29-00.24.07:760][376]PIE: Play in editor start time for /Game/FirstPersonBP/Maps/UEDPIE_0_FirstPersonExampleMap 0.904
[2020.04.29-00.24.07:761][376]LogBlueprintUserMessages: Late PlayInEditor Detection: Level '/Game/FirstPersonBP/Maps/FirstPersonExampleMap.FirstPersonExampleMap:PersistentLevel' has LevelScriptBlueprint '/Game/FirstPersonBP/Maps/FirstPersonExampleMap.FirstPersonExampleMap:PersistentLevel.FirstPersonExampleMap' with GeneratedClass '/Game/FirstPersonBP/Maps/FirstPersonExampleMap.FirstPersonExampleMap_C' with ClassGeneratedBy '/Game/FirstPersonBP/Maps/FirstPersonExampleMap.FirstPersonExampleMap:PersistentLevel.FirstPersonExampleMap'
[2020.04.29-00.24.11:393][708]Cmd: LevelEditor.ToggleImmersive
[2020.04.29-00.24.11:724][709]LogRenderer: Reallocating scene render targets to support 1920x1040 Format 10 NumSamples 1 (Frame:334).
[2020.04.29-00.24.11:766][709]LogSlate: FSceneViewport::OnFocusLost() reason 2
[2020.04.29-00.24.33:092][346]LogBlueprintUserMessages: Early EndPlayMap Detection: Level '/Game/FirstPersonBP/Maps/FirstPersonExampleMap.FirstPersonExampleMap:PersistentLevel' has LevelScriptBlueprint '/Game/FirstPersonBP/Maps/FirstPersonExampleMap.FirstPersonExampleMap:PersistentLevel.FirstPersonExampleMap' with GeneratedClass '/Game/FirstPersonBP/Maps/FirstPersonExampleMap.FirstPersonExampleMap_C' with ClassGeneratedBy '/Game/FirstPersonBP/Maps/FirstPersonExampleMap.FirstPersonExampleMap:PersistentLevel.FirstPersonExampleMap'
[2020.04.29-00.24.33:092][346]LogSlate: Updating window title bar state: overlay mode, drag disabled, window buttons hidden, title bar hidden
[2020.04.29-00.24.33:092][346]LogWorld: BeginTearingDown for /Game/FirstPersonBP/Maps/UEDPIE_0_FirstPersonExampleMap
[2020.04.29-00.24.33:101][346]LogWorld: UWorld::CleanupWorld for FirstPersonExampleMap, bSessionEnded=true, bCleanupResources=true
[2020.04.29-00.24.33:204][346]LogPlayLevel: Display: Shutting down PIE online subsystems
[2020.04.29-00.24.33:205][346]LogBlueprintUserMessages: Late EndPlayMap Detection: Level '/Game/FirstPersonBP/Maps/FirstPersonExampleMap.FirstPersonExampleMap:PersistentLevel' has LevelScriptBlueprint '/Game/FirstPersonBP/Maps/FirstPersonExampleMap.FirstPersonExampleMap:PersistentLevel.FirstPersonExampleMap' with GeneratedClass '/Game/FirstPersonBP/Maps/FirstPersonExampleMap.FirstPersonExampleMap_C' with ClassGeneratedBy '/Game/FirstPersonBP/Maps/FirstPersonExampleMap.FirstPersonExampleMap:PersistentLevel.FirstPersonExampleMap'
[2020.04.29-00.24.33:392][346]LogSlate: Updating window title bar state: overlay mode, drag disabled, window buttons hidden, title bar hidden
[2020.04.29-00.24.33:436][346]LogUObjectHash: Compacting FUObjectHashTables data took   7.49ms
[2020.04.29-00.24.33:484][347]LogPlayLevel: Display: Destroying online subsystem :Context_6
[2020.04.29-00.24.34:886][432]LogSlate: FSceneViewport::OnFocusLost() reason 2
[2020.04.29-00.24.36:540][630]LogEditorViewport: Clicking on Actor (LMB): BP_Crypt_Doorway_C (BP_Crypt_Doorway)
[2020.04.29-00.25.30:767][278]LogSlate: FSceneViewport::OnFocusLost() reason 0
[2020.04.29-00.25.30:867][281]LogUObjectHash: Compacting FUObjectHashTables data took   1.87ms
[2020.04.29-00.25.31:873][281]LogSlate: Window 'Save Content' being destroyed
[2020.04.29-00.25.31:924][281]LogUObjectHash: Compacting FUObjectHashTables data took   0.76ms
[2020.04.29-00.25.32:206][281]LogSavePackage: Moving 'C:/Users/germa/Documents/GitHub/FirstShooterGame/ProyectoComunShooter/Saved/FirstPersonExampleMap0698180F4FBA819FDCC5FC80A5F8C22E.tmp' to 'C:/Users/germa/Documents/GitHub/FirstShooterGame/ProyectoComunShooter/Content/FirstPersonBP/Maps/FirstPersonExampleMap.umap'
[2020.04.29-00.25.32:225][281]LogFileHelpers: Saving map 'FirstPersonExampleMap' took 0.328
[2020.04.29-00.26.11:447][416]LogEditorViewport: Clicking on Actor (LMB): StaticMeshActor (Floor)
[2020.04.29-00.26.20:347][366]LogSlate: FSceneViewport::OnFocusLost() reason 0
[2020.04.29-00.27.01:162][904]LogEditorViewport: Clicking on Actor (LMB): TextRenderActor (TemplateLabel)
[2020.04.29-00.27.01:853][943]LogEditorViewport: Clicking on Actor (LMB): StaticMeshActor (Floor)
[2020.04.29-00.27.05:578][319]LogEditorViewport: Clicking on Actor (LMB): BP_Sky_Sphere_C (SkySphereBlueprint)
[2020.04.29-00.27.10:979][813]LogSlate: FSceneViewport::OnFocusLost() reason 0
[2020.04.29-00.27.11:334][836]LogActorFactory: Actor Factory created SM_Rock
[2020.04.29-00.27.12:623][954]LogActorFactory: Actor Factory created SM_Rock
[2020.04.29-00.27.28:526][769]LogEditorViewport: Clicking on Actor (context menu): StaticMeshActor (SM_Rock172)
[2020.04.29-00.27.28:745][769]LogSlate: FSceneViewport::OnFocusLost() reason 5
[2020.04.29-00.27.29:534][812]LogEditorViewport: Clicking on Actor (LMB): StaticMeshActor (Floor7)
[2020.04.29-00.27.30:039][859]LogEditorViewport: Clicking on Actor (LMB): StaticMeshActor (SM_Rock172)
[2020.04.29-00.27.31:795][ 61]Cmd: DELETE
[2020.04.29-00.27.31:795][ 61]Cmd: ACTOR DELETE
[2020.04.29-00.27.31:874][ 61]LogEditorActor: Deleted Actor: StaticMeshActor
[2020.04.29-00.27.31:907][ 61]LogUObjectHash: Compacting FUObjectHashTables data took   2.23ms
[2020.04.29-00.27.31:907][ 61]LogEditorActor: Deleted 1 Actors (0.083 secs)
[2020.04.29-00.27.34:668][296]LogSlate: FSceneViewport::OnFocusLost() reason 0
[2020.04.29-00.27.48:119][283]LogTexture: Display: Building textures: T_BrickFloor_Clean_A (AutoDXT, 2048X2048)
[2020.04.29-00.27.55:950][283]LogTexture: Display: Building textures: T_CandleHolder_Iron_N (BC5, 4096X4096)
[2020.04.29-00.27.55:950][283]LogTexture: Display: Building textures: T_CandleHolder_Iron_A (AutoDXT, 4096X4096)
[2020.04.29-00.27.55:950][283]LogTexture: Display: Building textures: T_CandleHolder_Iron_C (AutoDXT, 4096X4096)
[2020.04.29-00.27.55:950][283]LogTexture: Display: Building textures: T_BrickFloor_Clean_C (AutoDXT, 2048X2048)
[2020.04.29-00.28.03:931][283]LogTexture: Display: Building textures: T_Coffin_Compact (AutoDXT, 2048X2048)
[2020.04.29-00.28.03:931][283]LogTexture: Display: Building textures: T_Coffin_Albedo (AutoDXT, 2048X2048)
[2020.04.29-00.28.03:931][283]LogTexture: Display: Building textures: T_BrickFloor_Clean_N (BC5, 2048X2048)
[2020.04.29-00.28.04:998][283]LogTexture: Display: Building textures: T_BrickFloor_Clean_H (AutoDXT, 2048X2048)
[2020.04.29-00.28.07:152][283]LogTexture: Display: Building textures: T_Coffin_Normal (BC5, 2048X2048)
[2020.04.29-00.28.07:152][283]LogTexture: Display: Building textures: T_Statue_Stand_N (BC5, 2048X2048)
[2020.04.29-00.28.07:152][283]LogStaticMesh: Building static mesh SM_Stocks_Game_Ready...
[2020.04.29-00.28.07:232][283]LogStaticMesh: Built static mesh [0.12s] /Game/MedievalDungeon/Meshes/Props/SM_Stocks_Game_Ready.SM_Stocks_Game_Ready
[2020.04.29-00.28.34:405][283]LogTexture: Display: Building textures: T_Dungeon_Wall_Decorative_A_A (AutoDXT, 4096X4096)
[2020.04.29-00.28.34:405][283]LogTexture: Display: Building textures: T_Dungeon_Wall_Decorative_A_C (AutoDXT, 4096X4096)
[2020.04.29-00.28.34:405][283]LogTexture: Display: Building textures: T_Gargoyle_Stand_C (AutoDXT, 2048X2048)
[2020.04.29-00.28.34:405][283]LogTexture: Display: Building textures: T_Gargoyle_Stand_A (AutoDXT, 2048X2048)
[2020.04.29-00.28.34:405][283]LogTexture: Display: Building textures: T_Ceiling_Arch_Compact (AutoDXT, 4096X4096)
[2020.04.29-00.28.34:405][283]LogTexture: Display: Building textures: T_CandleFlame (AutoDXT, 512X512)
[2020.04.29-00.28.34:476][283]LogMaterial: Display: Missing cached shader map for material M_CandleFlame, compiling. 
[2020.04.29-00.28.34:666][283]LogShaderCompilers: Display: Worker (1/3): shaders left to compile 54
[2020.04.29-00.28.34:666][283]LogShaderCompilers: Display: Worker (2/3): shaders left to compile 44
[2020.04.29-00.28.34:666][283]LogShaderCompilers: Display: Worker (3/3): shaders left to compile 34
[2020.04.29-00.28.34:666][283]LogStaticMesh: Building static mesh SM_Candle_Used_B...
[2020.04.29-00.28.34:707][283]LogStaticMesh: Built static mesh [0.04s] /Game/MedievalDungeon/Meshes/Props/SM_Candle_Used_B.SM_Candle_Used_B
[2020.04.29-00.28.34:737][283]LogStaticMesh: Building static mesh SM_CandleHolder_Iron...
[2020.04.29-00.28.34:821][283]LogStaticMesh: Built static mesh [0.08s] /Game/MedievalDungeon/Meshes/Props/SM_CandleHolder_Iron.SM_CandleHolder_Iron
[2020.04.29-00.28.51:697][283]LogTexture: Display: Building textures: T_Ceiling_Arch_Albedo (AutoDXT, 4096X4096)
[2020.04.29-00.28.51:697][283]LogTexture: Display: Building textures: T_CandleStick_Bronze_A (AutoDXT, 4096X4096)
[2020.04.29-00.28.51:697][283]LogTexture: Display: Building textures: T_Dirt_Mound_Texturing_N (BC5, 2048X2048)
[2020.04.29-00.28.51:697][283]LogTexture: Display: Building textures: T_Ceiling_Arch_Normal (BC5, 4096X4096)
[2020.04.29-00.28.58:129][283]LogTexture: Display: Building textures: T_CandleStick_Iron_N (BC5, 4096X4096)
[2020.04.29-00.28.58:129][283]LogTexture: Display: Building textures: T_CandleStick_Iron_C (AutoDXT, 4096X4096)
[2020.04.29-00.28.58:129][283]LogTexture: Display: Building textures: T_Stone_Altar_C (AutoDXT, 2048X2048)
[2020.04.29-00.28.58:129][283]LogShaderCompilers: Display: Worker (1/3): shaders left to compile 24
[2020.04.29-00.28.58:129][283]LogTexture: Display: Building textures: T_Stone_Altar_N (BC5, 2048X2048)
[2020.04.29-00.28.58:129][283]LogTexture: Display: Building textures: ThumbnailTexture (DXT1, 512X512)
[2020.04.29-00.28.58:129][283]LogTexture: Display: Building textures: T_Candles_N (BC5, 2048X2048)
[2020.04.29-00.28.58:129][283]LogTexture: Display: Building textures: T_CandleStick_Bronze_C (AutoDXT, 4096X4096)
[2020.04.29-00.29.23:342][283]LogTexture: Display: Building textures: T_Gargoyle_C (AutoDXT, 2048X2048)
[2020.04.29-00.29.23:343][283]LogTexture: Display: Building textures: T_Gargoyle_N (BC5, 2048X2048)
[2020.04.29-00.29.23:343][283]LogTexture: Display: Building textures: T_SplitLog_A (AutoDXT, 2048X2048)
[2020.04.29-00.29.23:343][283]LogTexture: Display: Building textures: T_Fire_Pit_C (AutoDXT, 2048X2048)
[2020.04.29-00.29.23:343][283]LogTexture: Display: Building textures: T_Fire_Pit_N (BC5, 2048X2048)
[2020.04.29-00.29.23:343][283]LogTexture: Display: Building textures: T_Fire_Pit_A (AutoDXT, 2048X2048)
[2020.04.29-00.29.23:343][283]LogTexture: Display: Building textures: T_Cell_Side_N (BC5, 2048X2048)
[2020.04.29-00.29.23:343][283]LogTexture: Display: Building textures: T_Mausoleum_Part_A_C (AutoDXT, 2048X2048)
[2020.04.29-00.29.23:343][283]LogTexture: Display: Building textures: T_Mausoleum_Part_A_N (BC5, 2048X2048)
[2020.04.29-00.29.23:343][283]LogTexture: Display: Building textures: T_Mausoleum_Part_A_A (AutoDXT, 2048X2048)
[2020.04.29-00.29.23:343][283]LogTexture: Display: Building textures: T_Crypt_Wall_Decorative_B_Compact (AutoDXT, 4096X4096)
[2020.04.29-00.29.23:343][283]LogTexture: Display: Building textures: T_Crypt_Wall_Decorative_B_Albedo (AutoDXT, 4096X4096)
[2020.04.29-00.29.23:343][283]LogTexture: Display: Building textures: T_CandleStick_Bronze_N (BC5, 4096X4096)
[2020.04.29-00.29.26:815][283]LogStaticMesh: Building static mesh SM_Dirt_Mound_B...
[2020.04.29-00.29.26:882][283]LogStaticMesh: Built static mesh [0.08s] /Game/MedievalDungeon/Meshes/Props/SM_Dirt_Mound_B.SM_Dirt_Mound_B
[2020.04.29-00.29.27:062][283]LogStaticMesh: Building static mesh SM_Pot_B_Complete...
[2020.04.29-00.29.27:434][283]LogStaticMesh: Built static mesh [0.37s] /Game/MedievalDungeon/Meshes/Props/SM_Pot_B_Complete.SM_Pot_B_Complete
[2020.04.29-00.29.27:526][283]LogStaticMesh: Building static mesh SM_Pot_B_Lid...
[2020.04.29-00.29.27:751][283]LogStaticMesh: Built static mesh [0.23s] /Game/MedievalDungeon/Meshes/Props/SM_Pot_B_Lid.SM_Pot_B_Lid
[2020.04.29-00.29.27:877][283]LogStaticMesh: Building static mesh SM_Pot_B_Body...
[2020.04.29-00.29.28:003][283]LogStaticMesh: Built static mesh [0.13s] /Game/MedievalDungeon/Meshes/Props/SM_Pot_B_Body.SM_Pot_B_Body
[2020.04.29-00.29.28:288][283]LogStaticMesh: Building static mesh SM_Pot_A_Lid...
[2020.04.29-00.29.28:684][283]LogStaticMesh: Built static mesh [0.40s] /Game/MedievalDungeon/Meshes/Props/SM_Pot_A_Lid.SM_Pot_A_Lid
[2020.04.29-00.29.28:722][283]LogStaticMesh: Building static mesh SM_Candle...
[2020.04.29-00.29.28:751][283]LogStaticMesh: Built static mesh [0.03s] /Game/MedievalDungeon/Meshes/Props/SM_Candle.SM_Candle
[2020.04.29-00.29.28:853][283]LogStaticMesh: Building static mesh SM_CandleStick_Iron...
[2020.04.29-00.29.29:015][283]LogStaticMesh: Built static mesh [0.16s] /Game/MedievalDungeon/Meshes/Props/SM_CandleStick_Iron.SM_CandleStick_Iron
[2020.04.29-00.29.29:383][283]LogTexture: Display: Building textures: T_Chains_Texturing_A (AutoDXT, 2048X2048)
[2020.04.29-00.29.42:799][283]LogTexture: Display: Building textures: T_Chains_Texturing_C (AutoDXT, 2048X2048)
[2020.04.29-00.29.59:189][283]LogTexture: Display: Building textures: T_Candle_Holder_N (BC5, 2048X2048)
[2020.04.29-00.29.59:189][283]LogTexture: Display: Building textures: T_Dirt_Mound_Texturing_C (AutoDXT, 2048X2048)
[2020.04.29-00.29.59:189][283]LogTexture: Display: Building textures: T_Dirt_Mound_Texturing_A (AutoDXT, 2048X2048)
[2020.04.29-00.29.59:197][283]LogTexture: Display: Building textures: T_Candles_A (AutoDXT, 2048X2048)
[2020.04.29-00.29.59:197][283]LogTexture: Display: Building textures: T_Cell_Side_A (AutoDXT, 2048X2048)
[2020.04.29-00.29.59:197][283]LogTexture: Display: Building textures: T_Cell_Side_C (AutoDXT, 2048X2048)
[2020.04.29-00.29.59:197][283]LogTexture: Display: Building textures: T_CandleStick_Iron_A (AutoDXT, 4096X4096)
[2020.04.29-00.29.59:197][283]LogTexture: Display: Building textures: T_Dungeon_Wall_Decorative_A_N (BC5, 4096X4096)
[2020.04.29-00.29.59:197][283]LogTexture: Display: Building textures: T_Chains_Texturing_N (BC5, 2048X2048)
[2020.04.29-00.30.01:108][283]LogMaterial: Display: Missing cached shader map for material M_Master, compiling. 
[2020.04.29-00.30.01:671][283]LogStaticMesh: Building static mesh SM_Ball_And_Chain...
[2020.04.29-00.30.02:112][283]LogStaticMesh: Built static mesh [0.45s] /Game/MedievalDungeon/Meshes/Props/SM_Ball_And_Chain.SM_Ball_And_Chain
[2020.04.29-00.30.02:716][283]LogTexture: Display: Building textures: T_Gargoyle_Stand_N (BC5, 2048X2048)
[2020.04.29-00.30.04:308][283]LogTexture: Display: Building textures: T_Pillar_C (AutoDXT, 4096X4096)
[2020.04.29-00.30.04:308][283]LogStaticMesh: Building static mesh SM_Ceiling...
[2020.04.29-00.30.04:357][283]LogStaticMesh: Built static mesh [0.06s] /Game/MedievalDungeon/Meshes/Architecture/Dungeon/SM_Ceiling.SM_Ceiling
[2020.04.29-00.30.04:368][283]LogStaticMesh: Building static mesh SM_Ceiling_Flat...
[2020.04.29-00.30.04:408][283]LogStaticMesh: Built static mesh [0.04s] /Game/MedievalDungeon/Meshes/Architecture/Dungeon/SM_Ceiling_Flat.SM_Ceiling_Flat
[2020.04.29-00.30.04:437][283]LogStaticMesh: Building static mesh SM_Mausoleum_Lid_C...
[2020.04.29-00.30.04:504][283]LogStaticMesh: Built static mesh [0.07s] /Game/MedievalDungeon/Meshes/Architecture/Crypt/SM_Mausoleum_Lid_C.SM_Mausoleum_Lid_C
[2020.04.29-00.30.04:523][283]LogStaticMesh: Building static mesh SM_Ceiling_Arch_A...
[2020.04.29-00.30.04:793][283]LogStaticMesh: Built static mesh [0.27s] /Game/MedievalDungeon/Meshes/Architecture/Dungeon/SM_Ceiling_Arch_A.SM_Ceiling_Arch_A
[2020.04.29-00.30.05:038][283]LogTexture: Display: Building textures: T_SplitLog_C (AutoDXT, 2048X2048)
[2020.04.29-00.30.13:786][283]LogTexture: Display: Building textures: T_Pillar_N (BC5, 4096X4096)
[2020.04.29-00.30.13:786][283]LogTexture: Display: Building textures: T_Stone_Coffin_N (BC5, 2048X2048)
[2020.04.29-00.30.13:786][283]LogTexture: Display: Building textures: T_Stone_Coffin_C (AutoDXT, 2048X2048)
[2020.04.29-00.30.13:786][283]LogTexture: Display: Building textures: T_SplitLog_N (BC5, 2048X2048)
[2020.04.29-00.30.15:426][283]LogTexture: Display: Building textures: T_Stone_Coffin_A (AutoDXT, 2048X2048)
[2020.04.29-00.30.15:426][283]LogTexture: Display: Building textures: T_Chandelier_A (AutoDXT, 4096X4096)
[2020.04.29-00.30.35:947][283]LogTexture: Display: Building textures: T_Table_A (AutoDXT, 4096X4096)
[2020.04.29-00.30.35:947][283]LogTexture: Display: Building textures: T_Table_C (AutoDXT, 4096X4096)
[2020.04.29-00.30.35:947][283]LogTexture: Display: Building textures: T_Chandelier_C (AutoDXT, 4096X4096)
